            256
     6.98864372
   2.4642080359    1.9856528713    0.9752986444   -0.8495674702   -0.3568235091    0.3111157771
  -2.9586409983    2.8888915443    0.2412204785    3.7027172123   -0.4533941581    0.9627299710
   2.1443645842   -0.0023921493    0.5503983908    0.2928564017   -0.0784030589    0.6466810417
   3.0210631699    2.7836204111   -1.3870822119   -0.2876115740    0.2566727858    0.8267772718
   0.3692971178    3.1122830731   -0.6309878236    1.8922425816    1.4963300112    1.5577090525
  -2.5973200188   -1.3760741168   -2.7043466161   -1.4629462073    0.0446091946    0.3736229288
  -1.6089575174    2.7313764967   -0.9985471102   -2.7172059444    0.5903275993    1.4775125755
   0.3589978942   -0.0575423407    0.0994989272    1.0489280036    0.2045427403    0.6161506102
   3.0371698323   -2.1472401371   -0.4710779950    0.3175009869    0.9321744551    0.3668245552
   1.3732329277   -2.7712825081    3.1205523795   -1.6415897312    0.1312090822   -1.8668348028
  -3.3301617339   -1.5863269886    0.7965314801    0.9128845378   -0.3196754426   -1.8639617670
   0.4019126368   -2.6277561981   -1.8638482899   -4.3306038906    0.4949046227   -3.8140484591
  -1.5234971682    1.1889821762   -2.6233511804    0.4017561044   -0.0707161050   -2.9579192024
   0.9789647713   -1.3537152243    1.7892640578    1.0654900748   -2.0561170077    1.4622899244
   0.6950271846   -2.0476926238    3.4135279830    1.6335251278   -0.8147000104   -2.5284768012
   1.5621853828   -2.2853500496   -2.8146528307   -0.0649075686   -0.8268798416    1.0705806362
   1.7546438023    0.2848087778   -0.5632973791    1.5908509884   -0.0115071952    1.3082236317
   1.5423476277    3.3926383868   -2.5413321236   -1.8484864646   -1.3706920567   -0.6050475975
   2.0282653198   -1.8218487726    1.8286309387   -0.0218054420   -0.9980888666   -0.6601815918
   3.4612302494    1.4221653293    3.2571456064   -1.4192128084    0.9850004202   -2.7971001831
  -2.2718453231    0.4398177285    0.5379874649    0.1897782373   -2.8375916834   -1.1307879451
  -1.0538494056    2.0292736734    0.7707983406   -0.5044694992   -0.6926090130    2.1764907569
  -0.5583022716    0.0343040641   -2.4551931669   -1.7715167897   -1.7268152126    0.8089317668
  -3.1744709197   -2.5479998489    1.5117517266    1.1090707482    1.2437117977   -0.5319484106
  -2.0927124813    2.9696382078    1.7130080832   -0.7465133792   -0.2417669936   -2.1436013168
  -0.0299263838   -3.3643929969    0.4449427010   -0.4169724916    1.2230587420    0.0408294998
  -2.3500114599    1.6161783118   -2.4667697461    3.2912900137    1.4518746924    0.7211798067
   0.8524915846    2.4860006974   -2.6607210761   -0.0930605934   -0.6523176070    0.5916365083
   2.9896440568    3.1092527703    2.9348948769   -0.1559857021    1.4680122933    0.0476276766
   2.6932900650   -2.9085461394    0.4556110135   -1.2156779692   -2.7222379368   -1.0302524787
   2.6869138146   -1.0812207405    3.1183310785   -0.1009851672    2.5878652032    1.9856478386
  -0.0314233091    0.8585032193   -0.0810772280    0.6196360680    0.8769422622    0.4495265900
  -3.4394648898   -2.2679429075    2.5436472430   -0.4329237658   -1.3120264750   -0.1091791323
   3.4160550436   -0.3666265485    2.9762648344   -0.0189711376    0.0773907238   -2.1681478642
   3.2876713627   -0.4339531381   -2.9844357041    1.3610336711    2.0928998474    0.4114804583
   1.2105361638    2.8619195539   -0.1863869222    1.8771282522    0.7175741321    1.6088017811
  -0.6272268018    1.2997680274   -0.7635002346   -2.6821897201   -0.8197603599   -1.2405607788
   1.3485746768   -0.5783723704    0.0499254264    1.1041214224    0.3158938348   -0.5068739354
   0.5215576148    0.9956969229    2.2633869556   -0.3240617439    1.2686452651   -0.5675373607
   2.0395568284    3.3954032372    1.3219930724    1.0949909870   -1.3793530499    2.9686172884
   0.3669560880   -1.8217598727    0.1010762649    0.7837710075    1.0082716398    1.4477535828
   1.8084889639   -1.8866810710   -0.8837234216   -2.1007832203    0.5056669479   -1.3627457864
   0.8972844081    3.2645313650    0.9643759903   -0.5269999299   -0.1580084959    1.4673470954
   1.9236226512    3.0788162942   -1.6081098636    0.5339541359    2.7379433919    1.9305130502
  -1.0173861281   -2.0703906540    0.6472928651   -1.2054314651    1.3981262858   -1.1075912747
  -1.5541370466    1.7270835253   -1.6446052972    0.2007226129   -2.7671747588    0.6429697420
  -0.7191256653    1.0913946860   -1.8523520484   -0.3001034793    1.6135106974   -0.2145717156
   2.7116902825    0.4165736810   -0.0894470653   -1.5729540862   -1.8275079165    1.0060937222
  -0.2420363126   -1.4524879507    0.8003074358   -0.0113534498    0.3686515294   -0.5181796171
   0.3497371437   -0.9180322727   -0.4793909427   -1.0645394082    2.0872919981    1.2787997527
  -0.4829886000    2.8678091487    2.5931537776   -1.3432448115   -2.2393208273    2.8490757206
   1.9177809980    2.3895790043   -3.1209469051   -0.3126620828    0.7607510114    0.4804192316
  -2.4671642084    2.1861592756   -0.2033118300    0.3551923952    2.0091322071    0.0344389141
  -2.5732560627   -0.5875928829    0.2183335455    0.7053565934   -0.5721541624   -2.4785726414
  -1.7395297678    0.8485997368    1.3931832254   -1.6541559948    1.4378489472    0.8816748915
  -2.4963983670   -3.3663487962    1.1157244074   -0.2242776117    0.5206295909    0.3698950082
   2.7484503827    1.9966278906   -1.9371692849    1.0889153725   -0.4607401375    0.8064298282
   1.5959029337   -1.6593382320   -1.9593014913   -0.4431380779   -0.8814948864    1.7268912361
  -2.4728382401   -3.3079661820    0.0004246714    0.1295136953   -0.2631401714   -2.2174178871
  -1.6772269765   -2.2267209189    1.4469922485   -1.2115954115   -0.6716298170    2.9648617665
  -1.4157998729   -0.2609235694   -1.3839598416   -0.1747046911   -0.4141634440    0.6924657214
   1.0246206036    0.1600767907    2.7935395437   -1.7438335025    0.9750409571    0.3943556265
   1.1823115897    0.5220440755    0.7256117205   -1.1004176567   -1.4731088509   -0.1181685245
   0.0359970941   -1.6075920422    1.7538893489    1.9423902316   -0.7976576485   -1.9249171817
   0.1996325058   -0.2769430676    3.0847527718   -0.3460241559   -0.3331529719    1.7869820062
   1.0787050767    3.0706677468   -3.4472008959    0.1889738326   -1.4253483387    0.4889822853
  -3.3751774893   -1.6780078635   -1.4741345809    0.0447262094   -3.3198984764    0.2708747297
   3.1559969327    0.8481527467    2.2263681771    0.7556006417   -0.9155468208    1.1776205073
   0.6643421472   -0.9588482597    0.6491742471   -1.7157487032    0.4879940450    2.9823451966
   2.3205557040   -1.1128654737   -1.4684849463    1.6122409199   -1.0669747676   -0.6277924969
   0.9964873859    1.5614955951    0.1904130947    1.6345338632   -0.9954862673   -0.2365305244
   3.0687679121    1.2587073064    0.4195353054   -0.7775346835    0.6629827353   -1.0651275429
  -0.5772188300    0.3436680626    3.2997917413   -1.7525934202   -0.8835292759   -2.0231010275
  -0.4980623632   -2.1145993716   -1.9904007630   -0.7830014940    2.1447128292   -0.3207673954
  -1.3084992549    1.5276717791    3.3423180734    2.2711760644   -4.2060340255    0.7836832068
  -0.9944300098   -3.3105265691    0.5809707622    0.5982217272    0.0245128053    0.5335306397
  -1.9891625452   -2.6520269394    0.5621461018    0.2706923309    2.6442888870   -1.5788111906
  -1.9153576664   -2.1877804340   -2.9838628875    2.4494621376   -0.2911089354    0.2460237751
  -2.2270095374   -1.4628869710   -1.5555251236   -0.7432195304   -2.0183061763    0.8939223993
   3.1285569077    1.0091887350   -2.3345157771   -0.4443725803   -1.7456730529    0.5845404161
   0.0207406032   -2.3477520626    1.1616555375   -1.6487701933   -0.6028083673    0.1039453327
   2.4726953833   -2.7794836600   -2.8195820150   -1.6264167743   -0.3133801002    0.6471352916
  -3.2413082940    1.0221931940    1.2965226528    0.2343921102   -0.5113521162   -0.1943359556
  -2.9781502774    1.1629164645   -1.6736434294    0.7617820187   -0.7163993004   -0.9980443329
  -0.7827712718   -2.2491469248   -0.3086547787   -1.0706103123    0.7728780164   -0.0998525091
  -1.7817627400   -0.9809175101   -0.8217667293    0.7148475724   -1.7953457154    0.9541673019
  -2.1565590308    1.8687821283    1.4647269519   -1.5024004232    0.8256425792    0.3081860673
   2.2996328584   -0.0776975616    2.8123900357   -2.4375279610   -2.3109524784   -0.4329569332
  -1.6065073335    2.2700975811   -2.5969706915    0.4060852232    0.3219499003   -0.5015470254
  -2.5545458221   -0.0947996852   -0.6438738310   -1.3791104331   -1.7407143509   -0.5282841886
  -1.6513400955    0.5127401636    2.6582375638    0.4245585671   -0.5980007466    0.2932349498
  -1.7483199993   -1.1652242981    0.4057549800    2.6737071445    0.5658152830   -0.3860866145
  -0.3148353395   -2.8255956473   -2.6462959408   -1.1809276917    0.8635952371    0.0698697836
   3.4492868589    3.4476585358   -0.4643669339   -0.2607151154    1.0478994027   -0.3859238444
  -3.0404703479    2.4991471611   -1.2059805940   -1.1159123428    2.4056933645    1.1307347493
   3.4037597153    1.9287624056   -0.3581499485    0.4157075122    0.6062118388    0.6195311621
   1.0684595397   -2.8186650169    1.4977925830   -0.4244882131    0.8027028144   -2.1373558924
   3.4290924187   -0.0981430479   -1.0515761939   -1.1668051228    2.5750237446   -1.2570186240
  -2.1751545233    1.0152140868   -3.4703036604   -0.9068671643   -2.0001606028    1.5302584533
   0.1960495207   -0.3640643817   -1.3039504874   -2.3268927026    1.3556417930   -1.1952342709
  -2.4309564691   -1.3256511244    1.5418652719   -1.9716072364   -0.7426897236    0.9983076430
  -0.0460350233    2.1107510376   -0.0553430245    2.7705988226    0.7278469837    0.3059112153
  -1.3377703844   -0.1599549866   -0.0502366611   -0.5851710318    0.9879537007    2.3052056464
  -0.7112228286    3.3813181185   -0.4611407411    0.6329067406   -2.8276106817    1.7144348738
   2.9706989643    0.5473556393    3.3996493294   -2.3989551195    1.7677839858    0.5003795536
   1.5876233110   -1.5224983165   -3.3653990572   -2.4698952119    3.0871274782    1.0964253848
   0.4453917499   -2.9936819052   -3.2339401258   -1.5404494331   -0.8164397468    0.6814239631
   0.4555757558    1.2159421067    1.1731497924    0.3460164499    0.1220854199   -1.8563945350
   0.9067972139    0.8344065993   -0.4992942867    0.1442258372    2.0827528104    0.1245820737
  -2.8574504114    1.2614624526    0.2762803963    0.6235958056   -0.9361125066    0.6362748755
  -0.3331794473    1.9400569201    3.0946083643    2.2001674824   -1.3976348241    0.5822529674
   2.4858888664    0.9543097892    1.3064494200   -2.6650704813   -1.8556837350   -0.4317209051
   1.2568218088    1.3022260553    3.1110157017   -0.3079497608   -0.5924987270    0.9309918013
  -1.3595178310   -3.1993744818    1.6296417346   -0.2341736241   -0.1810446679    1.0227841859
   2.4395088446   -0.4745269659   -0.4137797952    2.0186085570   -0.8421596235   -1.6590182959
  -0.5778201481   -2.8865784597   -1.0915009479    0.7698251483    0.5570741564    0.6493653668
   2.0266853627   -0.8204045915   -2.7402835862    1.9595474939    1.3300734600    0.7682934869
  -2.7032808993    0.0990936535   -1.6580539114   -0.1293543792    1.2311892764    0.6445874504
  -0.7401704569    2.3175866562   -0.9857984743   -0.6976203400    0.7189202864    0.9437728348
   1.5073354186   -0.5211550107    1.3530165369    1.4526646160   -0.6549014036   -1.0432672235
  -1.9615813471    0.8713555946   -1.7072619623   -0.6632069936    0.1768589925    1.4959270143
  -0.5503208732    3.4262363719   -3.4681920017    0.2739260831   -2.2988362609    2.1356232432
  -1.5907598991    0.5721586132   -0.7173251813   -2.5676007531   -1.7766826172    0.1979357804
  -2.6119059624   -0.3284445601    1.3396581946    1.9496473486    2.6042318812   -0.9594253804
  -3.0347031070   -2.9222533997   -1.2425446289   -0.4693333499    1.1258414544    0.0363109751
  -0.3538721432    0.7623403327    1.9384257740    1.0642963666    1.0516834389   -0.6817625845
  -0.4931971107    1.0238819900   -2.8416337972   -1.1486816060   -0.7269658790   -1.3473060649
   0.6066263075   -2.4473983252    2.3584287636    1.8807817679    1.6070474125    1.0710100301
  -3.1389203726    0.5456399317   -3.0848305140    1.5437669965    1.1883012063   -1.1499629677
   2.7440793557    0.9886838961   -1.3623879685    1.0307451705   -0.9885628291    1.1196582125
  -3.2409326930    3.3069298051   -2.0820159816    2.6307393903    1.0776673188   -0.6348304448
   0.9537703102    2.5413984265   -1.5860934645    0.6383042253   -0.5619850246    1.5522910329
   2.3335375895   -2.2553670073    3.3666448881   -1.8802721355   -1.2500721894    1.0417053925
  -3.0038340473    3.0173591333    2.8745364492   -0.0968659604   -0.4845006836   -0.8332058797
   2.9033401879   -2.2268059953    1.3622435723    1.9262083679    1.3391098099   -1.0067824496
   1.7265972519   -2.3076138512    0.8810011263    1.1085595696   -1.3628176304   -1.0351410168
   0.7263956690    2.4729353460    2.7654281638    1.3470040120   -1.0789182807    0.4870554484
  -2.6417510908   -2.3582896727    3.2194885713    0.2369915809    2.8133680082    1.1475809204
  -1.4076392578   -0.1577935801    1.2610937054   -1.1613729280   -0.1047625494   -0.3527968528
  -2.2424020319    3.1942922103   -2.3368148141    2.0553664237   -1.5112085272    1.7601758024
   1.2086561810   -1.5379745726   -0.0431836721   -2.8249154051    0.1353179922    2.4807403227
   0.8567886671   -2.6924364720    0.4161583607    1.7629973201    1.1595878481   -0.9723726394
  -3.3340346879   -1.0920986188    2.2204821297    1.3806417952   -1.4440444453   -1.2602390974
   2.3640253742   -0.0253698223   -1.3883469559   -1.9255477650    2.3120627961   -2.6634542800
  -0.5408695364    0.1586589526   -0.5397821406    0.9692384649   -0.6414312591    0.3901326300
  -1.4580837920   -1.8929135876    2.8939797910    0.3061133311    1.5643001727    2.8931485380
  -1.5642510728   -2.7948433417   -0.6473881308    1.4736223289   -1.6639757177   -3.0331169855
  -2.3574440728    2.8771213016   -3.2604824952   -0.6785899803   -0.1863926341    1.7433866956
   1.5427554055    1.2481397735   -1.2907716887    2.5936472807   -0.4122292199   -1.4690295765
  -2.7713269725   -1.2097635181   -0.5813672672    0.5376937800   -0.5871326524    0.2791493166
  -0.7964579633   -2.0370824410    1.6904826494   -1.1543462216   -3.3452705999    2.2846717684
   1.2501525124   -1.5497364091    2.6632601894    0.6825472269    0.5732752493   -0.2044718659
   2.6783500436    1.8524016312    2.2120247589   -1.2698936701   -0.1639238638    0.2776638535
   0.9517446288   -2.8290577409   -0.5522774875    0.9643269532    0.4451320034   -0.9134711494
   2.8659718937    2.1340321804   -3.0691154475   -2.9900934653    2.2537355250   -1.0763394793
  -1.7679841153    3.2906858525    2.5883644276    1.1616947160    0.7961408481   -0.1906839221
   1.0637524914    1.7629602341    2.0015780781    0.0649434273    1.5281916117   -0.5648636876
   1.9152823665    1.0045441560    0.4193049619    1.2164927248   -2.2716626088   -0.1104244120
   2.6155861779   -1.5013045886   -2.5061770826   -0.7301233782   -0.3345768756    2.2014843035
   1.2905336742   -3.3732728021    2.2678061950    1.4994370408    0.9075314556   -0.7791472849
  -2.1015045080   -1.9350836024   -0.3279782123   -1.6088877500    0.2919765255   -0.6891873779
  -3.4245525134   -2.6215862980   -2.3103506111    0.6731147669   -1.8130132643   -0.2848474888
   0.0417760675    2.6290874221   -3.1299683689    0.5264858171    0.4792296933    1.3599610585
   2.3277188343    3.2360864695   -0.5715512601    0.1417805096   -0.0505952037   -0.4915430116
  -3.4404536041   -1.9332037530   -3.4680463976    0.3426530857   -1.4361478261    0.1340463169
  -3.3208922640    1.8567151235   -2.5307862734   -0.2601699612    0.6041386390   -0.7415468986
  -0.5553028208   -1.3707117531   -1.1512717791    1.9618511019   -1.5677668221   -0.1610899752
  -2.8172473780    0.4455298452    2.9811054309    1.1348016711   -0.4285055709    0.0418575473
  -3.1790739987   -2.7076655020    0.5825924151   -1.6462190127    0.5995839989    1.9895528541
   0.1109177345    0.6372301841   -1.1377379970   -0.3352881618   -0.9533169327   -0.2092882606
  -1.0610869390   -0.8904025490   -2.0764392052   -1.5630685901    0.6980887225    0.5968756553
   2.6673503701    2.7247965377    1.8701068443    0.2231201232    3.2192723681   -1.1291995183
   0.2646333479    0.2762879037    0.9842492910   -0.9984781950    0.1977339303    0.2156895999
   1.1138775518    2.3768673181    1.1977940663    1.1978441101    3.0294614383    0.3732558957
  -0.3289540530   -2.1243939821    2.9083802214    0.4147593821    0.8129094382   -0.7914843021
   0.4071675181    0.7980033138    3.2883176839   -0.3235623009   -1.5318731239   -1.2115044362
   1.3125439381    0.5685647037    1.7277792832    0.2120020855    0.6152211608    0.0671439726
   0.2492362134    3.2868020425   -2.2846596051    2.8241716301   -1.7255946559    0.4836872423
   1.5638719363   -0.5749084396    3.3008100702   -1.6522441976    1.2857215451    2.2713148368
   3.2213023809   -0.2728173820    1.1405139318   -0.5538550306   -0.8814615342    2.8125050137
  -1.2335942302   -0.4944265046    3.0935830739   -1.3531087903   -1.6589458119   -0.9358350647
  -1.5526686891   -1.0243289493   -2.9067715262    1.0984040006    1.6562063826    0.5369128735
  -2.2453819547   -1.7174815840    2.3195917328    0.9206119349   -0.8331377220    1.0521482976
   2.5416605482   -2.0975125243   -1.6044650069    0.9652815518    0.7882324533    0.7498983043
   0.6582726890   -0.7860875260   -3.2139303697    2.3210751116    0.1182798069   -1.9449904299
  -0.7640498320   -0.9439203486    0.0438892339    1.4439631380   -0.1368545568    0.0954788154
  -2.9111279789    1.4494294255    2.4474427484    2.2189803774    0.9466480785    0.0843135225
  -0.8805286432    1.9972466770    1.7526306694    2.2317113879   -0.0323170477   -0.0388723586
  -0.8644235880    0.6125896847    0.5850135059    1.6569693733   -0.5137461793   -1.3896414069
   2.0470261320    0.9468386702    2.3424558459    0.9097000529    1.0062931547    1.1620445638
   2.4501849819    3.0386711445    0.5164836072   -1.8234900376   -2.7947770708    0.5728906081
   0.6668914278    0.4919860470   -2.7165368203   -2.1152873869    1.7687075701    1.5705940348
  -3.1390331124    0.1674697356    2.1658203091   -1.0045346796   -1.3972971297    0.2529981032
  -2.6123263579   -1.1493643191    3.0899374235    0.5982711406    0.7528445270   -3.2838008065
  -1.0443130877   -2.8839439699    2.6513560648    1.9458132535    0.8335247088   -0.9039748168
   0.3316908652   -0.4617278219    1.9170387105    0.3212994021   -0.8293442724   -0.3417100722
  -3.3539192099    2.7469644476   -3.0521434839    1.1795581321   -0.8167593227   -1.0666949278
  -3.3334787257    0.8631558081   -0.6278386020    1.7465054983   -0.3377761563   -0.5901468356
  -2.4670943888   -0.4322570118   -3.1206724432    0.1915980770   -1.3827719334   -1.0691026808
  -0.7111075467    3.2390170105   -1.7506587071   -1.0507102535    2.6782301938   -1.0037808109
   1.7109948368    0.5522739964   -3.1332627836    0.5682078188   -2.0725342777   -0.3675568743
   0.2054198815   -0.6552545961   -2.2339930535   -0.4106035686    0.6662219034   -0.5961815258
   3.1568834071   -3.4509742923    1.3604175943    0.4255937161    1.8110929085   -0.9573990702
   0.4153245573    1.8778700522   -0.9432332460   -0.9156119890   -0.8540930343   -2.0916742943
  -3.2844013741    2.1468886822    0.7394620024    1.1951496767   -0.3823230930   -0.6526948643
   1.4771515015    1.9846889861   -0.5899465153   -4.7057884643    0.7140906452   -0.5057444077
  -2.7226288215   -3.1083326082   -2.9200883690    2.5274160625    0.3638207874    1.0133009015
   1.6562009634    1.9344662060   -2.0359793134   -1.8923093027   -0.0553262779   -0.5325253675
   0.5500301427    1.6493759378   -3.0329853052    0.5253290424   -2.4537579352   -0.5877248993
  -2.5212113159   -2.8858570699    2.3387888238    1.8219209151   -0.2623744349   -0.4634034013
   0.1922227532   -3.4012007390    2.1553213472   -0.9274801151   -0.0787072621   -0.2670858728
  -0.4442720324   -0.9157277594   -3.2904791951   -0.7243693223    0.5368845238    1.9654549740
  -2.5155188814   -2.3668894086   -2.0028666351   -1.7186828800    1.2026001938   -0.5824669889
   0.0081628376    2.0854543222    2.1139291565    0.9780775785   -1.7401464825   -0.7975139544
   1.7910271211   -2.8447220860   -1.7806641796    1.1417703732    0.6166138963   -2.6545662551
  -1.8139920208    0.2625947698   -2.5435077584    1.1483151307   -1.3686052205    0.3205227878
  -3.2012327079    0.0914214388    0.1281074206   -1.5262091419    0.3097682793    0.6591424717
   2.5862399058   -0.5981777501    2.0932656940   -0.4121137351    2.0178721022   -1.3104293873
  -3.3379784557   -3.1175461858    3.2860575728    2.7666081473    2.9974148902   -0.4518284474
  -1.5724069986    2.3222335543    2.6902132057   -0.6954210974    0.0309171194    0.8355662701
  -0.9138284108   -2.0275415137   -2.9847895077    1.2139533595    1.2433104751   -1.6061268697
  -0.4642097670   -0.4204049895    0.8373658917   -0.9634391054    1.2730600430    1.9633474215
   0.1088645979    2.2740360241    1.0308204654    2.9164456821    3.2663716912   -0.3257936491
   2.1042636982    3.3226147109    3.4061599100   -0.1376068551   -0.1009843943   -0.6482321777
   1.9658126146    2.7110126035    2.6590463824   -0.6992134955   -1.1060922956    0.8763765762
   0.7491382719    3.4893379118   -1.4457870219   -0.5576809480   -0.5704817114    2.4892220020
   2.7029447279    3.2867505023   -2.5787189644   -1.6256933952    3.0451346261   -2.3122676722
   1.1958552057   -1.1106541169   -1.1430738712   -1.3541939980   -0.1422499319   -1.7064258436
   0.6383480892    1.5209470231   -2.0126296791   -1.9817936908    1.2101043018    0.9468582137
  -1.9989567177   -0.3991712461    2.1553858242    1.0271903845    0.0432148605   -2.2130987262
   3.2022312133   -3.1417725914    2.2404804034    0.4380680121   -1.5050524236    0.2692836240
  -2.3102427833    1.5234304891   -0.8934703556   -0.6500669898   -0.3365360041   -0.0964190410
  -1.2209125200    3.2856478063   -2.7489314966   -1.0275898935    0.0534686698   -0.6191729299
  -3.0319819253    2.5997211656    1.9491211278    0.1890696625    0.9360463939    0.6095069855
   3.0871114190   -0.7948542225   -1.8229741159    1.5942165804    0.1736942428   -1.3309045401
   2.5716125825    0.0875774489   -2.3300199511    0.4817474974   -1.7181107245   -0.9623103311
   2.4952014041    2.0187126568   -0.8896096213   -1.2187419282   -0.8678646936   -1.7912200145
  -1.9917331124   -3.2003551701   -1.4299510703   -0.1625221571   -2.6444028961    2.0770303767
   0.2541790276   -1.7023109147   -2.5602276524    1.8672679615   -0.0560608029    1.1562897618
  -0.6522294756    3.0703997640    1.3214201434   -2.1400542516    0.5666582849   -1.1654227510
  -1.7980062870    1.4076253826    0.5181231794    0.6361508540   -0.5738844208   -1.0502502229
   2.3594535250    1.5185370325    3.3836493440    0.6850046491   -1.5749713714   -0.7267423429
   1.8728724650    0.9023034304   -2.1058130165    1.7832773778    1.1898107658    1.4631172042
  -2.4927225692    1.9715280589    3.1654725136   -1.3814120023    3.0838580029    0.7196168023
  -1.5328727615   -2.9169801648   -2.2963848094    1.4736444469   -0.4967967524   -0.8918400296
   1.0802021263    0.3446319378   -1.3468873129   -2.2642409425   -1.9526507901    0.5687480255
   2.7711390267   -3.2439020883   -1.5992080887   -0.4573757272   -0.5345547835   -0.5785570168
  -0.5343380581    2.1057588185   -2.2284635432   -1.4339959329    1.4898157137   -0.5130084720
   3.3813796055   -0.8473777948    0.2930728429   -0.8070011491   -0.4464951745    0.7028728130
  -1.1986715720   -2.0810719380   -1.2539602932   -0.2627797141   -0.8273795301   -1.4275819021
  -1.6412522850   -3.0880718895    3.4348270544    0.0226574273   -0.3586582040   -1.1563113767
  -1.2376713961   -1.0440165351    1.8663845838    0.9372442077    1.7729832185   -0.8029636584
   1.2881303028   -0.4735081577   -2.0353521889    1.1905420489    0.3288059124   -0.7564333962
  -1.6169822788    2.8225099893    0.0975284073   -3.6900239205   -2.0696740657    2.6197074508
   2.3227055234   -2.8095126249    2.2225454671    0.7467191600   -0.7666175509   -0.2301551839
   2.4847936506   -1.5214587726    0.0950015680   -2.3227212243    0.5516846952   -2.6794206297
