           1000
    17.09975947
   2.8402936076   -8.0039605319    1.4135436654   -0.6581767820    5.7453994862   -1.1258815445
  -5.7289413643    5.4968980774    8.4106474852    1.3575549455   -0.5804277670    4.6824737532
  -6.9020148173    7.5659921788   -0.6017697945    0.3784642753   -0.2955250736    0.2935417489
   2.9389176429   -7.1401094044   -4.6559067770    0.5699320674    1.1672260937   -1.0209640086
   6.7849462789   -6.3050635539    7.7316548180    0.9829277275   -0.0723842186    1.3056157080
  -2.1315034472    0.2938655915   -2.5424022609   -3.9869407010   -1.2428625622   -0.8480475687
  -0.7051783728   -0.3365286996    0.6019716623    5.3663695042   -0.2008387058    1.9738268577
   8.1879150039    2.7686278009   -7.0384361776   -0.7845782446    0.3159438309   -3.0399037831
  -8.1281957653    8.4069454734    2.8454736876   -0.7435659188   -3.0307871683    0.1336553262
  -8.1408080668    5.4692425706    8.3347215345   -0.8777309360   -0.6257930603   -3.1205016148
  -7.4199758884    4.7801318337   -2.0456792057   -0.4251546173   -1.6157650157    3.8977565960
  -2.0870044365    7.2522325452   -2.8996115936    0.1226123791    1.2543520878   -1.7467099956
   2.5649935220    7.3119544172   -3.7128417637    1.8605977424   -1.5992340097   -3.2943171042
  -3.1746654250   -1.0712162712   -6.6735707668    0.7027627826   -2.1956350556   -8.4521242728
  -7.8819906934   -1.5850080474   -6.3423308885    0.8639612973    0.8782006932   -2.1690570908
  -3.8077446116   -0.5479318362    5.8251084892    1.9709291709   -2.2035288568    2.7905014714
   3.5131486919    2.7790528970   -1.2299005734    1.7917765557    0.0995419322    0.0476858399
   4.5902735871   -4.5353272619    2.7909230274    0.0436211227   -2.1095411387    0.5427972571
  -0.2880659096   -0.4936398605    6.5077149197   -0.1922020463    3.0534657636    0.0951140645
  -2.2618181730    2.8652229691    2.2269820603    1.1946587685   -3.6849946976    0.1727595119
  -8.2670709349    1.1805386560   -7.5175208449   -1.9686624703    3.3248120217   -4.8497668051
  -1.5244444492    2.2548182887    0.8521898645   -0.8302498937   -1.7547272047   -1.3594380651
  -2.0491560622   -4.1256046997    3.0192478348    1.1462403900    0.1195420836   -0.0200276254
   7.1426921484   -6.2929317261    1.5569357103    1.0366573611    0.8973579627   -1.1898288348
  -0.0310719058   -7.2363836916   -0.2461800428    0.6486956396    2.2636270968   -2.3888406019
  -0.9408346174   -3.2573276015   -5.1487566883   -2.1201892274    0.6243782408    3.9238687528
  -4.1604431170   -1.3114326633   -7.6931913033    0.6579663730   -2.0115913351   -1.7696332929
   7.0135147494    5.7159528232   -8.1742560473   -2.3008723617   -0.6293972374    1.3125322867
   6.5231956598   -3.3457819258    4.9818629975    1.4260477208   -2.0832655409   -0.1211160008
   3.1554955890    2.9998345664    6.1862409310    0.9123419492   -4.7136022686   -4.4045479230
   4.0575531797    2.7717129312    5.6901177907    5.1295468023   -0.1477987680   -0.8071460831
  -6.4648186999    3.8685263847    0.0540919346    5.5093277061    1.5752421795    1.7894513261
   4.8565692344    7.0695970503    0.8168544041    0.4543731851   -1.7497100450    0.8607181129
   5.3826970313    0.6432101729    5.9790252373    3.0058786924   -0.8811976699   -1.4877125454
   6.7235535477    7.3164587233   -7.1460059031   -1.1751159484   -0.0823765508    0.7791644897
   3.3067534231   -1.4783246111   -8.2604594417   -2.4627293557   -2.5713535383    1.6381271348
   4.1970320193    3.1841362998   -2.1175044378   -4.0753716298   -3.1642691355    1.1148258463
   4.7451763402   -6.0259201418   -0.7147450416   -3.8741688637    0.0666933144   -2.4647062019
   7.8872542862   -8.0709417002    0.3443392947   -0.1037322600    1.5502096486    1.0538622092
   2.9230812786    8.5030319294   -8.3100706561   -1.9868435762   -0.8711599482    3.9270241593
  -0.4582282528    6.2572433420    1.0324830839    0.3405894696    0.2576078104   -0.0994975645
   3.9742857385    3.7583918812   -6.0159109766    0.5337715850    1.5676001767   -0.4569425271
   2.2403195975   -5.2469274778   -6.7495312434   -5.9660697037    1.7494908821    1.9564033260
  -6.9175082637    6.4270675536   -4.3542217978    0.1980334748   -1.3232430963    2.5046875324
  -7.6576329440   -7.2895144429   -8.4094882274    1.6537634442    3.2776401847    3.9912501381
  -8.0500883964   -0.3205884217    6.5620413708    1.0794757200    1.0525318804   -2.5071466329
   3.3166875656    4.9023294046   -3.3375144412   -1.3281863078    3.4290441564    3.0568733592
   5.0118335043   -7.7538714712   -4.7708761827    1.2302541575    0.7254023299    0.4322090273
   8.0342594193   -3.8157399566    4.8758519332    1.3653813796   -1.3235051662    1.2372749619
  -0.9527230491    5.3388290703    3.6696699527    1.7553833543    0.0751175625   -3.2710122954
  -2.5712689552   -3.2295039345   -7.8643405072    0.1224178840    0.6014416363   -1.6929068293
   1.1019696948    5.6933307975    4.3592703450    2.4977494663   -1.4796515927   -2.5083202832
  -7.0754775072    0.3570138044    0.4124249690    3.4869803267    2.1911830969   -0.1338189157
   5.7598349456   -2.5981611617   -8.0816156854   -1.8928503449    1.8829217803    0.4740604452
   1.3208994446   -8.0850624357   -3.6746406270    0.0566225206   -1.8278174494   -0.9408257286
   4.8636242816    3.5269358467    8.2128829065    1.7321130670   -1.0505337000    3.8152735488
  -5.2391262045   -2.0045394884    1.4803675390   -1.9262066740   -0.1265286187   -0.4375130388
  -5.7752337894   -0.7271858554   -3.4997479018   -2.8242165944    1.2161343749   -0.8429908664
   5.7497517652    0.4449223980   -5.8707447605   -2.6303556010    1.3600211496   -1.8213784016
  -0.8073444792   -7.9731497223   -3.5447212252   -4.7387265338   -4.7741958139    0.4083438022
   2.4942104450    4.5308000677    0.2379254449    1.6709989069    1.2473765283    1.9296282302
  -7.7738305853   -4.0294734293    6.6845323965    0.4313067461   -0.8642068718   -1.7713342631
   3.3202137238    8.1809165979   -4.1585242178    0.2451646033    3.1789839045    1.1079022395
   6.6877616626   -2.2540996090    0.2485565760    0.7346399979   -1.9581939779   -2.3005913146
  -6.8918474577    8.1664021404   -5.9215981598   -0.8310936547    4.0473746785   -2.8904756193
  -5.4556221686    4.4770475463    0.0731872108    2.6453979317    2.3640805560    1.5689159713
   4.3530990474   -8.2439682555    5.9377284098    1.0583524336   -3.0467530651    0.0112710426
   8.0568854342    4.8837728614    5.8619291415    0.4741168918    0.1650221501   -5.9650880322
  -6.4170169023   -7.6616587333    2.6086732145   -2.1416165148    1.2638460988   -1.5923112141
   5.6719450893   -6.2535243127   -7.7784667947   -0.7461855342    1.2135369365    4.0823207842
  -7.0891869900   -3.6296266108    5.1102407212   -4.1853583200    0.6469290163    1.1972804386
   5.9206637309   -6.0323349918   -1.5775541951    1.7938629996    2.4966153264    0.7773784851
  -7.5959059054   -8.5165997283    1.4091886885   -0.9743293188    2.0426600675    1.2876515582
  -8.3109522278    4.5508758066   -8.5308290586   -0.7361709277   -1.3886029323    2.2829056245
   6.6937347417    0.8374630069   -6.8308017701    3.0403078819   -3.1265320666    2.9709467059
  -6.1669787331    3.8334115635   -6.6445307685   -3.4585467825    0.0782888401    0.7675818527
  -6.8960152566   -3.3483631928    0.7957862654   -4.7993490576   -2.1563325273    4.7357308601
  -1.4654198206    7.2420840232    7.8012862120    1.3710912538   -4.5521312577   -2.5099329860
  -0.4981438964   -2.9543596982    5.9401695428   -0.3703788089    2.2131656155   -0.7292640574
  -3.9898254029    2.6476534379   -3.7185661639    2.7768188211    0.2134494487    1.1753968316
   8.0630269238    1.3288221531   -5.4481224910   -3.7364803498    1.8022965989    0.4551917888
   5.8684331358    4.5710110657   -1.9311752261   -3.0240730984   -0.1351749601    0.5298195555
  -7.2334619628   -7.5889018202   -2.1960449823    1.9474785335    2.1211714491   -2.5646784564
  -7.5771072756   -4.3411168781    5.7265239977    1.9879805571   -0.6340408649    2.4073573807
   7.0609324873   -6.8546055673    4.8043851642   -0.5306056643    3.3500694841    1.4712473699
   3.3194193779    0.7166441687   -0.2580494368   -0.4612919926   -1.2076190028    3.5914030858
   6.9308702269   -2.0180275049    7.6415767705   -0.0006264394   -1.4450579994   -0.0375230988
  -8.4802218068   -4.2425516163    1.6363874853    1.5955551688    0.2906034047    0.5589285764
   4.7295896961    1.8526517814   -8.4103437084    1.8165462184   -1.9710084711   -0.6470486415
   4.8764146359   -5.0434082326    5.2316223489    2.4840362666    3.5081640491    3.2357770003
   1.3954279433   -3.1871667426    5.6358910130    1.6097055669    1.3470375033   -1.8665972495
   5.8976187725   -3.3240786525    6.4555500857   -1.0299768286   -2.0322550882   -4.0071219911
   5.1599877605   -6.7346874751    1.8702134489   -0.0934506544    0.4953201990   -0.0814359647
  -3.4917153180   -8.1075330015    1.6349040154   -1.1696347065   -4.1433609597    1.4767363540
  -2.8169629161   -4.3695469253   -1.5152455468    2.1510929996   -2.5796726201   -2.9175859093
  -7.4571426283   -5.4928450213   -8.3489588901    0.1719262279    1.0556054965   -2.2334916784
  -0.4766528872   -3.9771097922    6.1369570712   -7.0335723306   -0.5248316056    3.3057904448
   6.5644580300   -1.0144502933    4.8531683522    0.8993965096   -0.1258082578    1.5151499727
  -2.5949285087   -3.3142437639   -3.9239212168   -4.3274878256    0.5183088169    2.1991809669
  -7.9059099286    4.3809087017    6.1559056574    6.2600670628   -1.9766473100   -2.6710686780
   3.8218551929   -0.5831705992   -7.5736547208   -0.2437751301   -0.5383816472   -2.2405300750
   3.9419082046   -0.9330300137    7.6288212087   -0.6145814162   -3.3874228293    1.3456616284
  -3.6327701583   -7.8592296526   -2.8971928741    3.2762349512    0.4804467134    0.8476236592
   5.9389581341   -0.6278773061   -3.5768617063   -3.1713722168    1.5802035915    3.0162367521
  -2.6122906061   -2.4144792212    2.9242279416    0.9964863219    1.6090237306   -0.7978218645
   7.4959938125   -3.7888488088    8.1419464699   -3.9097554823   -0.5530091042    0.4756009332
  -8.1122965719   -6.9662314914   -7.1843701836   -0.1833156479    1.9048638516   -2.0619938194
   3.3908692346   -5.5350202852    8.5492781287   -0.3593526476    0.7228782923    1.9515630546
  -4.5447637119    3.1203096871   -7.0188347097   -1.7675507578   -2.1236519005   -3.2108743235
   1.8779333301   -7.2506335042   -0.9596894530    0.2183594276   -1.1160790910    5.3387948905
   2.2328611294   -0.4269339581   -1.7254375795    2.5652255615    2.5464713061    0.4129469187
   4.3788030193   -2.1246566606   -3.0708100322    0.5809566619   -0.7141897670   -2.9084320806
  -2.9474580325    4.3709709830   -3.7360440440   -1.4911452868   -3.5560647316   -1.6427767305
  -4.0568028310    3.7998103423    0.2134387477    0.0730778843   -0.7916917140   -0.8638598489
  -1.9346347017    1.7291736484   -2.2589465466    1.1307845096   -1.3549460418    0.2279885267
   0.0456373021   -1.4802288930    4.9085929381    3.6149662039   -2.7561893312   -4.1810140058
  -0.5104148289    8.1130333549   -5.3462853267   -1.8545073124   -2.0389946571   -1.0648900635
  -1.0624959157    4.8083439953    5.7743437416    1.0874165074    0.7225294960   -0.4205263265
   8.3976081925   -0.1409135643   -7.1688448865    0.8506062351   -1.3490092174   -1.8052335045
  -0.5574239814    5.0738136858    2.4532050993    2.8381982522   -3.4255095810   -1.3988979967
  -6.4084478488   -6.0818419529   -3.1985872976   -3.3104299671   -0.9380752459    0.5951516017
   5.6641240843   -1.4513317091    1.0166182070    2.7339530984    4.8667107877    0.0803975539
  -3.7231678469    3.3389596447   -6.0630727496   -2.9473000735    0.2499222143   -3.0833172262
  -4.3819081773    6.7806937353   -3.2932768222   -0.1914753063   -2.6464226320   -3.5415118520
   3.2967578133    1.9035103273   -6.6318332148   -0.4246276447   -1.8615485409   -3.3272496753
   1.5152232220    7.0680992861    2.1380039048   -1.0996740009   -0.7578055707   -2.5447744621
  -2.4622997609   -4.1930827492   -3.8066520309   -2.5096615656   -3.6290416322    6.4121545091
  -7.2703689410    2.0386141570    5.7845636541    2.4767216907    0.7298746027    0.6095495424
  -0.5626661414   -1.2087553601    0.2080546688   -0.7566078415    1.2738640406   -0.2067530968
  -1.0298231127    0.4888347236   -6.9419519223   -1.6668579524   -1.2724719947    1.9056412484
   0.2463158527   -7.4124125614   -1.4224988406   -0.0248650147   -0.0439261225    0.1054266236
   0.4395055999   -1.2207880755    1.3006105495    2.8738479343   -0.3510592535   -1.4156624103
   7.0187391299   -7.8284662112   -4.9386153351   -0.9222593203    1.5167043696    0.2595302107
   2.2067910323    4.6660595857   -1.0736591986   -1.7816889692   -0.6075742812   -4.1903813210
   6.7613832447   -8.3854442705    6.2302582146   -2.0129589369    0.7713302731   -4.1625046219
  -2.8024762971   -2.0406140189   -3.4889347019   -0.6800359412    0.0831622714    0.7904763816
  -6.3339014609    6.6427183678   -1.2690415906    0.5214527612   -0.8471118722    0.2391200005
  -5.5602136380   -7.4632196899   -0.8178712344   -0.3670688426    0.4824454173   -0.8584165878
   5.4548707049   -3.7092683087    2.0577457098    3.9635327762    0.3748587596    1.9060469115
   6.6650240355   -2.1762296105   -6.3532834962    1.6280185050    0.9001647684    2.9143327670
  -3.5801701497    6.3689558797   -2.6508416621    1.4522384105   -3.3714101071   -1.0825298293
   2.1966737590   -6.5505989956   -3.5918411382    1.2548983984    1.1697155976    0.9763802051
  -5.2732496174   -4.6160233838    4.3581825540   -2.8688962247    0.5103506713    0.0875981508
  -4.2976522469    7.1191849713    3.9577301216   -2.6777108660    2.5829087926   -3.6183240090
   8.0157770944   -3.0226608588    3.0091141877   -0.6910476297    3.3792485142    2.2854450195
   0.4531356626    2.5975722315   -6.8698161049    1.8450892926    2.3716886204    5.6962459437
  -8.3440947075    4.2213204021   -5.3223040470    0.7567626300   -2.4081551743    2.2869704164
  -4.3128379476    5.9350547739   -1.9092074189   -3.4535693337   -1.8882889068   -1.8024087454
  -6.7578311115   -4.4687119151   -2.2120532317   -0.2378320436   -1.1151511966   -0.8753162218
  -6.3059786458    7.1107913354   -4.6597391538   -2.4158698585    2.0209836121   -3.1871368445
  -0.8412075400    0.3743074313   -0.2268281694    1.1418409317    1.1673442935   -0.8312096142
  -5.1389802690    2.0623495605    6.2715792066    0.9140835832   -1.0172259456    1.4008930310
   2.6772003628   -4.2688160580   -8.5068721114   -2.8416448823   -0.9457707610    1.3311316036
   3.7046629686   -2.4699023092   -8.1523864761    4.2280361641   -2.3309783488   -0.3127619571
   5.1680949308   -7.4950356900    6.2625303521    1.9102330080    3.4924736479    2.5960978251
  -4.2000403337   -6.7189661082    0.0790127492   -1.6378612805   -2.5855802480    2.4640129887
  -0.2832870731    6.2199472281   -2.3283557763    0.6786529652   -0.3189234699   -3.2660765313
  -1.2051652711   -1.5655782392   -1.4258758562   -1.3192104814    0.7699522324    6.0840890900
  -3.8733119797   -4.5265513146    4.3629949464   -0.9544276414   -1.8653749979    1.0733986525
  -5.1837541905   -4.8651000067   -0.7684070620    4.2947871795   -1.0602367303   -0.8701215365
   1.1056906240    2.0870602762   -2.9583646238    2.2528233256    0.4173738026    3.0911036209
  -0.2528336977   -2.2610306697    0.6845650156    1.3986241766    0.4575196984    0.3905289996
   2.2740422742    7.7795426363    5.9850580597    4.2156981508   -3.6862787972    1.0167490110
  -2.5006407277    2.3191046705    1.2528853107   -0.0612867518   -1.9679579249   -1.0095271904
   4.4296189076   -2.7306404180    0.2079029224   -0.6145308310   -0.3668312418   -1.0644450735
  -2.4042395990    0.5128563637   -0.3211805606    0.7614919687   -0.2312574607    4.3127416949
   4.4298183762    6.8053309067    6.3914906090    2.2682224925    3.0942903611    5.1286856200
  -2.1300224025    7.0482334551    3.9784948985    2.4022989730   -1.8145489550    2.3762550973
   4.7172161734    2.4624437187   -0.5515080865    0.7876356401   -0.7542942515    3.4480425775
   3.5341624480   -7.7033841028   -1.7298167399    3.5828699169    2.0946861129   -0.2610976614
  -7.6529189195   -6.3488866389   -2.3292260767    0.0954093608   -2.5752827263   -0.4048778454
  -5.9391980062    3.3181139414    3.2512932037   -7.1199261739   -0.8986870925    2.1295593204
   8.0798555015   -2.3194549310    5.7537270846   -0.1515832005   -2.4189321604    0.7789859488
   7.7097049403    6.9466169010    5.8623967460    1.1677870664   -1.9176813959    1.6254993856
  -5.2313830946   -1.1304988923   -7.6915389159   -1.5508345440   -0.1012330873    0.8923966698
  -2.4108845890    4.2600728662    2.1294812370   -1.4688813922    1.4958032102   -0.2302558265
   4.8366801997    2.7399585134    2.9259708056    5.7416050426    0.5465090392    0.3760786911
   7.9668876237   -2.4885083671    8.2650306831    1.4364130548    0.1850750527    2.7878433033
   3.1628137031   -7.3073870119   -6.7250990491   -2.1007800540   -1.8091505524    2.0994679288
   1.3897541460    3.2284001372    1.7052349017   -1.8564470420   -0.8913620297   -2.3668601992
  -5.3459527014   -6.5537899560   -5.9021044819   -3.6790536899   -1.6840226417   -3.4386252791
   7.1432773651   -2.8669333359    6.6814792346   -0.2374783415   -1.3663388981   -1.7810081171
   1.9019239627    1.3703817833    7.4436676846    0.8209313886    2.1439369371   -1.1464724998
  -0.7632953948   -5.2706383153    2.9547388830   -2.0491267883    1.0126126965    1.5700783201
  -0.1120021761   -3.6841488090   -5.8646033986    2.7608423911   -2.7514858247    1.7954774410
  -8.2125577868   -0.4658200746   -5.0498011666    0.2097045331   -0.9624620357    1.4808706209
   4.7367804080    4.3658570863    5.9110456504   -1.2545944458   -0.0710668897    1.8656844728
  -8.4961111491    2.3865603470    1.5505342559   -0.7579641414   -0.7349602859    1.2661238470
  -5.0454030416    6.5135140385    1.6724608278    0.4824500779   -2.4605130186   -1.7326742775
  -1.2564031994    1.4692273929   -1.3866528576    2.6444590019    0.6817850163   -1.1144983554
  -6.8612098076    5.2819886491   -0.2092674694    0.8576212462    0.8239221856   -1.1448795662
   3.1076006788    0.8083344309   -6.7324010321   -5.8605903077   -2.7140340166    1.9058390801
   6.8688325769   -5.0709598336    0.6932200639    5.1533375429   -2.0071804352   -1.8889764272
  -2.3027866529    5.1559860741   -5.7020181378   -0.6179876949   -1.3475656028    2.2694010652
   2.8137551912   -1.0521585502   -6.0148954918    1.3163848866    1.1110972693    0.8843821168
  -6.4020281830   -0.9433972008    4.0584368333    0.6071373713   -1.8294034319    2.1249579549
  -6.1147518230   -3.8463597954    1.3485927203   -3.2183124462   -3.5103910551    2.3737282676
   1.6129794812   -0.5872997704    5.4863657116   -1.9463345753   -1.8080642123   -3.0820804133
  -2.7046318826   -0.0323473274    3.4865047008    0.2039072889    4.7250288865    0.8473447188
  -2.1109943018    0.7074691077   -8.2062313102   -3.9799260248    4.0815156810   -0.2287095125
   1.2784275005   -6.4814281392   -6.6092852988   -8.5245557921   -2.4273074950   -1.9330799716
   6.8565642556   -4.0627053136    5.7600749584   -0.3523080871   -2.3267008047    1.5956363741
  -5.1457864411   -4.0042124327    1.8790031923   -2.4430276724   -1.2157013306   -0.1715294186
   7.4799685380    3.4259557226    3.1023825963   -1.4977885104   -1.7583179102    1.6824268878
  -4.6265695504   -3.4796831784   -8.3699231360    0.1666139231   -4.4597012351    2.0217142090
  -1.9758444552   -3.0384562944    0.8942584831    0.0390828924    0.2167737649    0.7668537481
  -3.3670586892    8.2493304444    2.6650378387    3.2903678995   -1.3191447528    1.2126210752
  -1.8556142662    7.5110622483   -5.8023872599    3.7226088805   -1.1020441632    1.9925062840
   4.4316107108   -0.7723041119    2.3561597656   -0.4993148422    0.2595888944   -1.3949064405
   8.0129345089    7.9757215030   -1.0097617455   -0.1701902028    3.3363789442    0.8462027548
   6.8934384599   -2.5512403143   -1.3442221148    3.3645166314   -2.0096374428   -0.8527005982
  -6.1713635899    2.5347337736    2.5674614422    3.4573703670    1.1284892753   -1.8891397426
  -6.1893372559   -2.4692627498    7.4308860222   -3.1783022558    2.3315462946   -2.5094643750
  -5.1968784242   -4.5209678674   -6.7841979939   -1.3956818572   -4.6846286534   -1.5868765464
   7.5691231112    6.6622720167   -8.1931825521    3.8887395885   -1.1435793170   -3.3883818113
   8.0872834125   -7.9921950995   -1.5735452269   -2.7062305211    0.8402094853   -0.6304114855
  -5.3858303779    4.5481967784   -1.4723864744    1.8471052785   -2.1954448211   -1.2810341821
   5.4503123989    8.4397608854   -3.1484840733    4.0900652469    0.7902246333   -0.3260297847
  -6.3792504916    5.9603897185    2.8686421443    4.7511912140    0.7420244709   -1.4656836349
  -1.5930200083    3.0502529792    3.1154892800    1.0532926769   -1.4524068859    0.3652353636
   6.1389831830    2.0234931590    0.8426409626    3.8834077485   -3.8233090983   -3.3541691162
   0.5836825327   -2.8476073900   -3.5892481939    2.1541911831   -2.2688927906    1.7873633174
   7.2035947860   -0.1348820284   -4.3917891844    5.3769328995   -2.6037473649   -0.7410258473
  -2.9122574962    2.7316208453   -5.2698328182   -0.8988561563    3.4233598086   -1.8546103754
  -6.5426131715    7.1159262737    7.8196688611    1.0973691363   -1.9027609544   -2.5195603538
  -7.7811410757    0.9815592325   -0.4656479710   -0.8363236304   -0.8237179802   -4.6016157467
   6.5249031586    1.6407890517   -1.9701649792   -0.3469008247    5.0142214578   -3.9468622001
   4.9508505750    3.0077083733    3.9455300901    2.9028566013    2.5244851974    0.2829240806
  -2.3369776538   -3.0857096708    5.0632610839    1.8758400970   -1.0037582300    2.3115073261
   3.5757701138   -6.6426480941   -2.9680882660   -2.9491266778   -3.2531831961    4.1080046609
  -1.8874455069    6.4207854865   -1.7165288746   -0.5838274356   -0.5413932088   -2.4486386918
   0.1062250721    2.3873880534    4.1095271309   -2.5559931562   -0.0752100416    2.6396118603
  -7.7039445046   -7.9353244003    6.3889912587    2.0667682984    3.4661169554   -0.5137920902
   4.1351436839   -1.0879855048    5.8867449449   -1.5803760621    1.4815161876   -0.5620081291
   6.1338746874    6.9155626323    5.1675148894    1.2286323319   -3.4025868713   -2.4230107849
  -1.7426649678   -6.5287114054    2.2713964865    1.6425897238   -1.9221534273    0.4560514835
   2.8504557854    0.6108173778    5.5588788457   -0.6350464773   -0.1180967646    2.5163358127
  -1.7113142371    1.9990456839   -0.7094774030   -2.1044116903    0.9539211828    2.7632204136
   0.2745019605    2.2214399037    5.8117140206   -1.0616766456    4.5255343324   -2.6059561174
  -3.8321773899    1.7308607104    4.3679929947   -3.2327808398    0.9508501048   -2.6222072061
  -3.5876917196    4.2915495888    6.2181033224   -0.0243961799   -1.1405774832    1.3649509557
   0.7389335251   -5.4410949496   -7.3293741485   -5.6651780410   -1.4821627347   -2.7139221917
   4.8346856851   -3.1957444274   -4.1750904663    4.4786457029   -3.2856546581    0.4400666570
   1.5038439374   -6.2318015056    2.6632197136    1.5320759336    0.5774098499    1.7465736250
   0.3401037387   -3.1826298645    6.4943631448    2.3651205746   -0.6517270657   -3.2939469297
   0.3715958526    3.4558447806   -4.3711293691    3.0920909747    1.9416540286   -2.5279418591
  -1.6329587814   -5.1121786184    7.4382067568    1.0391348752    1.0514672015    0.2403335918
  -3.5408970775    6.5461728538    5.7019117304   -1.7196025399   -0.4481986212    0.3989012610
  -5.2607607355    5.1184959757    2.3719182793    0.4948893958    5.7245286876    2.6549180785
   3.7416618626   -0.3976997754   -6.3196592030    0.0946532212    0.7883034691    4.0589963321
  -2.5077238383   -0.0281659754    8.2107859067    1.1476668544   -2.1205290923    2.6988301359
   1.9900006305   -5.4054796289    6.8680823868    1.1311082607    1.1845571798   -0.8274804750
   5.9480846627   -4.8219452155   -7.5470807205   -1.9156404737    3.9379166884   -1.1280774478
  -3.8666640086    3.6801190596    8.4192120529    1.5103509783    0.9312789764   -1.8523573024
  -5.5919643514   -7.8478356037    0.1812850376    0.6956562747    1.7524005615    6.3188343750
  -0.3334185899    1.7445573596    3.6732468222    0.5137881621    4.1113665498   -0.1392183502
  -0.3079568700   -0.3134801342   -3.6754008114    2.0402091707   -1.7749595253   -4.9230656632
  -1.0856843118   -2.8315659855   -6.9881378008    1.4796741762   -2.0577722088    0.1836052164
   4.7087385793    6.8847464077   -3.7738190669   -0.8258796311   -2.3615869607    2.1813228036
  -2.4074258137   -1.0199073753    2.2601706799    3.0312447153   -2.4342880623   -0.9523245355
   1.2199641607    6.9197084968   -0.8847705002   -0.1522373995   -0.7450209640   -3.0991175339
  -6.0039467678   -3.4020205057   -1.9160471402   -0.2795246942   -1.0509310104   -1.7036501058
   0.6789702215    6.1168218906    1.0150584206    3.1824205891   -0.2831188346   -0.2058658132
  -3.1276757963   -3.0946725108    1.1658948024    1.7959196149   -2.1114149818    0.9223046361
  -6.0372889555    1.3250047082    7.1052829920    2.0004200857    2.6430145706    1.3858378395
   2.5229530041   -7.6305218521    4.5901708336    0.1390633420   -0.2985805111   -1.1633211749
  -5.5943099836    3.7769365840    4.6751440615   -2.7944654111   -0.9329217537    3.2024607344
  -5.2162887703   -4.2120713670   -3.4222061995   -4.5272170743    1.9286445755   -0.0879083456
  -2.1361048803   -1.2919409240   -5.3294544550    0.3424039839   -2.0513867680   -1.7703704127
  -7.6657531763   -2.3652981238   -5.9336709418   -0.7981163379    2.1524242140   -2.2427171819
   6.6532137060   -4.2810710600    8.5468186779    4.2949895066   -0.8984606151   -6.3032065992
   7.4403931777    2.8066920526    5.3883948870    4.0108201185    1.8697961604    2.7577161322
  -0.0785344191   -5.5423747170    0.3369386859   -1.7729376103    0.3673332854    0.1967648370
   3.6781311816    1.1563663676    6.7390280181    0.4435722133    1.0705557281    0.4586824921
   7.2267670947    2.8030998813   -6.4773965626   -1.1071912489    2.7701050891   -1.7964997490
   3.6217479498    8.3138522647    3.9003825902   -1.7729293951    0.7765452987    0.3924896598
  -2.1451600945   -6.0586623823   -0.0004821885    1.0022943587   -3.2593413490    1.6413246752
   0.5199335640    6.6678935213   -6.0055650899    2.4226788538    0.0672728399    1.8107539953
   4.0518519973    5.4718269087    0.2009558802   -1.9655650321   -1.8147013907   -3.4553271703
   8.2038411923   -1.4921592947   -5.8917446335   -0.1063662270   -2.0381550270    2.0367492083
  -6.4879042103   -2.0326301859   -2.3145421610   -0.2569769261   -1.2291437853   -2.9941227984
  -1.1307166356    5.2708451867   -3.5627866907    1.0560846365   -0.0687942994    0.0387769373
   7.6780639688    6.8385845639    7.0384181830   -2.1838585745   -1.9791705625    0.0557569797
  -7.9339081312    2.1563686417   -2.2891698433   -0.5950606980    0.9327464455    0.4005166449
  -2.9186202203    6.0499069560   -3.4985770593   -0.6365117523   -1.1857594784    3.5833467852
   8.1448610536   -3.7140216553    7.4441124472   -1.9144876044    3.2307201514    3.4968784384
  -0.3269874443   -0.6623470079    4.1806059735   -2.8441556087   -5.5792627195    0.8418161998
  -4.8127433601   -6.1911406334    7.3558430067    1.9107765914   -2.4428329320    4.3190199297
   7.6995212607    1.9674506789    3.8222899125   -0.3857533546   -0.1212669647   -0.5540971324
   0.6834747349   -3.7640184061   -6.6171435329    1.0074657233    0.9292179016   -1.1507832027
  -6.2511716055   -2.0839870001   -3.7356318746    2.7007983494    1.0045472765    0.8427282165
  -6.1086556198    3.6477582865   -1.0370729867   -2.4419802643    0.0323427681   -1.7368895941
  -3.2946537933    6.3993330260   -4.4071310393   -4.0487290735   -0.0545030182    1.9319122074
  -1.8470529771    6.9686786276   -7.3669056423    0.4782771926   -0.6199274292   -3.2468570035
  -7.6057427708    1.4851544897    0.8439155722   -0.5336378909    1.3693485883    0.9040993240
   2.2125075426   -6.1785281602    8.4885085391   -5.5360218647    1.5369583604   -2.7110370492
  -3.8285668108    1.9367377386   -1.8932584149    2.0967271609   -0.6989804773   -2.9525639950
  -1.9985375661   -7.0939940124    8.3280531581    2.9670936019    2.4413516270    1.0494287769
   2.9294755113   -0.1714994144    2.9281333962    0.6156865039    4.9857186339    1.1231540705
  -6.1503549067    5.7471266625    4.4037661751    0.1106574018   -2.2401697177   -1.6554138589
   6.8635452196   -4.9098089720   -5.8584640340   -2.2433701086   -1.9316764708    5.7144807898
  -5.6102044900   -8.5492013226    2.0004822171    0.8990035708    1.5642103508   -2.1405953773
  -7.7515804948   -7.0233459219    7.5006954589   -1.0008786948    0.5917464371    0.4617453792
   7.6194432807    0.0954723064   -3.6236610761   -0.3157288680    0.6009555349   -0.5638348226
  -5.5626779444   -0.9535157884    2.0692058616    1.3702819512   -2.8133864642   -2.6048363265
   0.9841537324   -1.0372076042   -3.6507726557    4.2820000047    1.7170572273   -2.0848251566
   6.1000672506    5.9689247801   -0.5780336978    3.5761063494   -4.8703010690   -2.8389502189
  -5.2358465800   -1.6993529525   -3.0097857857    0.9686252539   -4.3961976797   -0.5127798389
   5.8467443258    6.6278079161    0.8822509342   -2.1685642304   -0.1105167361   -0.6391590592
   1.7333964360    1.2848505594    6.4079209654   -1.4647602698    2.7894444756   -1.3293220025
  -7.1574880844    0.9756224481    4.6266277634    4.3993577107   -1.1415278291    5.1370389585
  -1.8193262912    1.1204605370    1.5579478452    3.3884754373   -0.2974194923   -0.3243044102
   1.5009093883   -4.1523351604   -4.6390684541    0.3398212782    0.7552496645   -1.1143603165
   0.7463766835    7.1852012147    3.0772455894   -0.4118601477    0.4101276018    1.7467952845
   1.5808358382    4.6375121745    2.5891886406   -1.2517282034   -2.2892771522    0.9393561193
   7.0661020640    4.3265342738   -0.1479881888    2.1286781974   -0.7488391399   -0.9781884443
  -4.7745746528    2.9097732980   -5.5884725730    0.9806904016    0.1921130159    2.3367341973
   0.4976407993   -7.5849885271    8.2018493113   -2.3040276446    0.0163118160   -1.1433569805
   1.9592531872   -4.0463986190    6.5129157672    0.5629606873    3.6159365516    2.2898176609
   0.7514851093    5.6696708401   -2.9611250765    3.6198854750   -1.9005718731   -0.3559136493
  -0.8154085961    5.0001367424   -6.7555321700    0.8702165442   -0.5044279295   -0.1782576941
  -1.7394180411    1.6220061229   -8.3241955883    1.4818479952    2.6463822709    0.8899829161
  -5.9919236571   -3.1296937001    6.2069341314    0.5592510975   -1.1023975188   -3.4301016673
  -0.7381230535   -0.5530563132   -2.6611076219    1.8577023715    1.3976149132   -0.2659865942
  -4.2150654705    1.7481548535   -8.4950066047    2.4263485439    1.2167590484    2.3067082072
   6.1454382620    6.1652634787   -2.4078296683   -2.0291540140   -0.4743482003   -0.9529070655
  -6.2681144854    6.4395479496    6.0440093236    3.5036018193    3.6784459025    0.8336324952
   4.8893432254   -6.2746287730   -1.7775808797    3.6263156619   -0.9268154855   -2.8883035365
  -5.6890025576    3.6552411159    1.3040130355   -2.2916306770    0.1214851632    0.0915915913
  -3.4908949490    2.6492066558    8.3965704071   -1.6657400462    2.3760518082   -0.3541733696
   5.0617388626    3.1205020540    1.3945893065    1.4357357155    1.2799438313    2.7066469342
   7.2036558914    4.5692106199    7.6401163461   -2.7235305284   -1.6471359200   -1.5177650231
  -4.9551660509   -3.5721294379   -5.2708456060   -0.3939500998    1.6961914956    3.8539671610
   1.7801783541    1.7810410086   -0.9810697313   -1.9858877126   -3.4323535710   -2.4586229084
   2.4603780192    6.7490201921    4.9277142594    2.5444176314   -0.5767265553    2.6189446230
   3.2120750078   -6.3500339839    2.6022249504   -0.1012491394   -2.7721212092   -3.8979926575
   0.2693380937   -3.5517682290   -1.0463594261    1.4515568663   -0.2075393946   -1.5494088616
  -0.3370282380   -6.9107426802    1.5264931822    2.9407789127    4.8720499479   -1.3729161793
  -3.0572524811    6.7205993905   -6.8554796488   -4.6094158318   -0.6417056753    2.0125940157
   1.3484985956   -0.6308197341   -5.2232246725   -3.7068261236    0.2998011228   -2.5811711634
  -5.8045127336    8.3981782485   -1.5658580877   -2.8296508911    4.8148402401    2.7602220344
   6.2041885890    6.8142192125    4.1014656347   -1.6976820136    1.4495755513   -0.4497205231
  -3.9689940690    1.6362811661   -5.6753491878    2.5966555254   -1.3454985231    0.9981636982
  -6.5618282935   -1.1155134596    0.3537053685   -0.1447633529   -1.7218446092    1.9393103248
   1.4623993368    1.7516323665    3.9810610428    1.3874339266    1.5116611896    0.7369786110
  -0.0243051919   -1.9516203367   -7.4279414964   -3.6690520316   -4.9561169098   -0.1521773475
  -3.7505189839   -7.5852910061    4.8463020061    2.5932455571   -0.4013015500   -1.1655787589
  -2.1781200614   -2.8156120184    8.1159877027    0.5756478674   -0.1311210119    1.9571275137
   2.3097433305   -4.1017962501   -3.2850793057   -0.3526806457   -2.9498895759   -0.9414607799
  -7.2088481852    2.9553150511    8.0039834705   -2.6559056944   -0.7385407122   -3.1490644437
  -4.3344001295   -6.8901089358   -7.7802927023   -2.0457686616   -2.6832984653    1.6983391238
   6.8662301214   -2.1919176799    2.5396579661    1.5689017004   -1.3859358426   -1.2146227844
  -6.7122782531   -5.2334626144   -6.2084509696    1.9333504520    5.4784999769   -2.3899101122
   3.1455095463    3.6012988362   -5.0140995677   -2.4290205496   -1.0537520307   -2.7600163611
   6.5402707179   -4.4969699213    1.8203770503    0.8939262777    1.5838932972    1.6099782587
  -1.3354483351   -3.4016861408    2.9240800740    2.0097501563   -1.2936406751    1.2448243980
   6.9192392486    4.7930291350    6.2147646430   -1.0406221592    4.0182833482   -2.4109461994
  -7.1819854473    6.8502410396    8.5081318319    1.0533341389   -3.1286664424    0.8833243593
   3.5071958195   -7.8193040909    4.3797213015    1.8460591956   -0.6591944202    2.7159497438
  -5.6660624840   -5.9884464279   -4.0670529865   -2.5807576864    2.2304546905   -2.2067574522
   6.8576068609    1.8709100635   -5.5565807441   -2.5553192446    1.2498588668    0.8098059730
   7.0266180904   -2.8428305180    3.2973886463    1.2100863601   -2.6431116992   -0.8883093602
   6.3475231659    7.9702654822    7.6133597286   -2.7717281032   -0.0745550318   -1.7587761845
   2.9842007924    8.3637531282   -6.9996648903    2.4550260941   -1.8306097321    1.7171143961
   6.7835119181    1.2398710761   -3.5513957035   -4.4894981490    0.6639311603    1.4058692980
   4.9456275657    5.4476767731    5.0510521539    2.1904352049    1.5343648338   -1.9702063654
  -4.8947929747    5.1028624431   -2.7505333798   -2.8758251045   -1.2868398324   -2.5999124734
   0.5502136836   -8.1110077613   -7.7735293262    0.8500659304   -2.3405241656    1.6185982649
   1.8648294400   -7.9469378844   -2.6932935831   -0.2016949440    2.9073537423   -1.7959079366
   6.0157669419   -7.4483505639   -2.6603774954   -6.0615056223    0.9243797763    1.4224328488
  -4.8995026091   -2.7651785817    6.8807694249   -2.9934653503    1.8477123309   -0.3107917551
   0.1628851252    4.2981596570   -8.1733897054   -1.1994186704    2.9364207244   -1.7973483085
  -7.4905276118    6.5458803662    6.8410608233   -1.5066458290   -0.0276466037   -1.2589721623
   4.2302635113    7.9696185326    6.4995855666    1.3905681179   -0.6840955290    1.0623716421
   4.7581414105   -4.5827618354   -0.5819602689   -1.1837703284   -1.8617387529    4.3263232657
  -0.0363024326    5.9682070530    2.0023687090   -0.1383280591   -0.0525700368    1.8722953143
   1.1163194140   -4.9014474623   -8.5348164075    3.7563639252    0.6598569883   -0.1163846085
  -1.5346274511    0.1920106510    2.1730369936   -0.9374371419    2.4097066789    2.6320651441
  -2.3182464523   -1.0161506632   -7.9647292395   -1.3023118658   -4.5682424818    2.2633070547
  -1.9275825350    2.2120450782    7.5219295002   -2.1301902454    1.3305717253    5.2684448036
   6.4089530173   -0.5040109581    1.9312706485    1.5277464905   -5.1525949059   -1.1085223271
   4.2301770538    2.7316581653   -4.5868294890   -2.0603981557   -1.2416823613   -0.3443368312
  -1.3184169178   -5.4827277850   -7.0265206770   -0.3955009275   -3.3040469699   -2.5369290357
   2.9554936993   -5.9294322936   -4.1137330937    1.4563087733   -4.4997230911    1.1210044845
   2.4299887079    8.5427896452    0.3005390895   -3.5193944685    2.7861140776   -2.4474987798
   8.0827841271    3.1138555115   -3.4501908324    1.1122332338   -2.8432519242    2.2769464106
  -3.6287383562    0.5562132908    1.6741472070   -2.9976362940    1.2602869620    1.6404323211
   2.0411392193    0.0291456583   -6.6084489988   -1.3515634710    7.3679714303   -1.8140583525
   4.9664154838   -5.6100979215   -4.1115496978    2.3103700177   -2.7238701765   -1.4270763415
  -6.5118575610    2.6576475738    7.3260909076   -0.3981751950    1.0048550562   -2.4485947191
  -1.6763669460    1.0912125483    3.9673224325    0.2268161409    1.7504868575   -3.3046556954
   5.4835069685    5.2359443187    3.0919758508    1.6768722098   -0.8848443427   -3.1032023285
   2.1179352055    5.3549149695   -3.2347063773   -0.9330218100    0.5994105307    1.1940241664
   0.6339929772   -5.7159610226    1.4727883612    5.4888494155   -1.3139478893   -0.7623502284
   2.1876651557   -4.0380504701    2.1611623881    0.2631914959   -3.4745230901   -0.2895378161
   3.4230182793    3.6081685031   -0.8608538524    1.3083593097   -0.8503035543    0.6017071499
  -3.4098905015   -3.6715867106   -2.1873109800    1.2760831804    3.1922321854   -0.5633356869
   6.2937385327    4.4984556558   -8.2330301088   -3.9870683098   -0.9887643685   -2.4584591673
  -5.7893118100   -7.4040115329    4.6522001030   -1.5174816210   -1.1595958674   -1.6146528250
  -2.1762075730   -6.6492271142    1.4276664077    1.7039890176   -1.0036592471   -2.8342755426
  -4.0552833219   -5.7380065663   -2.3303183983   -0.4802708849   -1.1804591567   -1.8630317998
   6.9181691043   -1.5675992947   -4.5597780343    0.4906838084    3.0542170601   -0.0475151642
   5.3800464043   -1.5953432747    6.7814177563    3.1775852099   -0.9814704378    0.9880747339
   2.8278732240   -5.3408513767    3.1822177053    1.0461841019    0.6810572931    0.3030784076
  -4.0630699897    4.0446220086    2.3590340641   -0.5362536060   -3.2971673602   -0.4731400896
  -0.5778013492   -3.6749009030   -3.9143514786    0.2279595668   -1.2580092817   -2.7980098711
   7.9570933273    5.1630501386    1.3991704913   -0.7175600907   -2.7229186349   -2.3168550677
   6.0040197239   -5.4267715497    2.4761477570   -1.2689204956   -3.4101746940    2.7368714071
  -5.7213427250   -3.0511319383    8.0683025193   -2.0313852798    1.8345361157   -4.9369231924
   8.0521774290    7.8627348300    5.5257502668    3.4806528659   -1.1198937599   -0.2872972236
  -0.5489261781    5.5124743193   -5.7617993501   -3.1065986100    2.9616337420    1.5035223139
  -8.1471591900    6.6082385001   -5.5384428669   -0.8641686909   -0.9463517304    0.3629737215
   0.7103633415   -4.2865057921   -4.1230976249    1.3310891165    1.0500916372    0.3625745949
   5.5582548168   -2.0625687503    1.8679658859    0.7695010726   -0.8183477837    0.4115692410
   7.8476663078    7.2659255799    3.7430262343   -2.8155089739   -1.0378345539   -0.6165523125
   7.3019296033   -6.6272281324   -3.6547531411    1.5257430179   -1.8943061638    4.4770238618
   7.4006509007    2.5864326115   -1.4867067152    5.2871539588    1.5773053164   -1.9241455477
  -4.8947815637   -2.8686334859   -2.9787391499   -1.9485850902    3.8227922727   -2.7383426608
  -3.1917485631   -2.2367803830   -6.4208684939   -0.9038294274   -1.1522886297    0.9106737035
   7.5049528360   -1.1818425776    5.3199335297   -0.2400333182   -3.0074740607   -3.6738004452
  -0.1991133819    0.8311076264    5.6871176127    1.5124239047   -2.9650595574   -2.4845830079
  -7.2583027393   -0.1751354045   -6.1343924844    2.9357731931    1.4052497236    1.1332228367
  -7.9102840827    2.9680661635   -2.8586976011   -0.9881062718    0.7472999859   -0.2540750145
   3.7310539487    2.3330358503   -7.7119949905   -2.3727612330   -5.3921203031   -2.3294186946
  -7.2887969515   -2.3302911795   -4.3862343706   -4.2643381026    3.5345692932    6.4412215190
  -0.2859635476   -5.9125363329   -7.1767673599   -0.1870028901    1.6071787760   -0.1349138384
  -6.5276273231    5.5628240599    1.8144043290   -0.5261971004   -3.0984212525    4.2819346023
   5.3442774875   -1.4619921172    3.9272070075    2.3888972825    1.0522177562    0.1300355771
  -8.2627081333    4.5099107592   -3.9297673089   -2.4143408934    1.9050613855    0.1574053079
   1.2409751637   -0.9030575253   -0.7471559059   -3.1989189278   -2.5928208769    0.4855587425
   5.7409379198    8.3689348539    0.4678329268    0.0524471180   -2.6062225067    1.8451291155
  -4.3756301627   -2.3707904339   -6.2758410504   -3.9712484041    1.5649395658    0.8210419057
  -7.4071645265   -5.6703531397    1.3216598812    0.0474894283    2.4128821805    1.0768511630
   8.1144098787    1.8329921012    7.8647223372   -2.9537228078   -3.1049019833    0.6727073890
  -5.9159667719    0.2011516092   -0.0443144885    0.9251930143    2.5281697818   -1.6686879951
  -0.8934598786   -4.6221013408    2.3069464426   -0.3667475033    0.1666745886   -0.0215901046
   0.9058893005    5.3177103886   -5.8406613029    2.6247251495   -0.7938021997    1.6786223628
  -8.2717850267   -5.2694171069   -5.4637893294   -0.7734782005   -2.0892369411    0.9874219891
   5.7906043116   -7.9481407891    5.5849551657   -1.4034931166    0.3251344769    1.0883726432
  -4.5794895999    5.4957306166    6.5104757513   -0.6360655671    4.2344225110    1.0636331829
   7.6286964605   -4.1974624834   -6.4803347449    2.2444876012   -0.4024131743   -4.0760790906
   4.6814716059   -4.7785371276    7.3301623791   -0.7651351805    2.3302136598    1.6331275161
   2.6784919513    1.7749936277   -5.7919636153    3.3893624162   -0.1656280329   -1.5374927033
  -4.2531495584   -7.8581991878    5.9554607111   -3.5554117961   -1.5221484768    0.0908615488
  -6.2175470442   -7.0124655568   -3.4736791513    2.5400378183    2.3658347325    0.8548848502
   7.3599299787   -0.9480201318   -6.7025136458   -1.7898290157   -0.6440587380    0.5649031217
  -1.1477975452   -4.4684769715   -3.4493438239    2.3426373744    0.5547788626   -0.1218480924
  -5.5450231484    7.0148507035   -6.7377147400    2.9229436683   -1.2115970326    3.2568586926
  -4.1222343982    1.4741625591   -4.1156770012   -0.8128716037   -4.8419972872   -2.2263651714
  -2.7365606040    2.9730407123   -0.1270683273    2.1668564501    2.1521688445    0.5405735918
  -7.0789384408    8.4931730395    8.0355620855   -4.9082598028    3.4391949025    0.1103986119
  -0.3142469216    4.1850557289    5.2671944026    3.9592608332   -2.0027180702    3.0475474375
   3.5824591915    6.4559079979   -0.1070428865   -2.5675541732   -3.5134644882   -1.7162984496
   8.1301569679    5.1234119800    7.6688318366    5.0722278519    3.3240896199   -2.3201296553
  -4.2876544436    3.6107782741   -2.9648421225   -0.8978523102   -3.0104497377    1.3707128210
   8.3432128867   -2.7526266182    7.3363044799    4.4058741350    1.8853120719   -3.5484524390
   1.1246442173    0.1873487474   -1.1494445352    3.0419584652    0.9461789141    2.1951575099
   6.8042988850   -1.1320460584   -0.5565726185    1.7909034006   -1.7913803676    0.2993290136
   3.0077189297    2.9967525507   -5.8032607870    0.3848258735   -3.9382366093    0.5146286216
   0.5907862583    2.7231592122    2.4236379782    2.4740565843    6.5539963165    2.1601928589
   2.4645844374    8.1158260280    3.1661612247   -2.5010065675   -2.1152917414   -2.7512019636
   4.1159939839   -0.1339427884   -3.9002637374    0.1719241972   -2.0941029051   -1.6506575597
   7.8312481699    3.7897090169   -8.2413741719    1.2704801486   -0.1984402500    0.6770395249
   6.4048776483    3.5877415618   -0.6849729819   -5.3192778722   -0.2780049516    1.4385248623
  -6.3311625715    7.4636710283    5.5329262417    1.3289132323    3.9093348574   -0.2796664356
  -1.6793111888   -4.5708789399   -6.6311294166    1.8503514877    0.1106704736    3.5260150048
  -5.6058816340    3.3028303882   -0.2230104875    0.3460890758    0.0764424696    1.1146269689
   4.3885209570    0.7989861990   -5.4054820460    1.0381911568    0.8157675447   -0.0545196542
   7.2851956186    0.8102692740    3.9377191701    2.0510969195    4.0235005047   -2.0167492975
  -6.5256460058   -4.1378104016   -0.9056580440   -3.7130161009   -1.0612142096   -0.2282816334
  -8.4801710658    1.5038528366    3.9930446061   -3.1935341539   -1.8956818906   -3.1427778322
  -3.1333040581   -6.9267787232    3.3960586707   -0.5349414188    3.2156164291    2.0201731419
   3.1801484693    4.3361767124    5.7163597296   -2.6983256756   -1.3518560228   -0.9347808289
   0.4925277265   -7.1604804435    6.6468779996   -1.7849510917    0.5925514582   -1.1188296366
   5.1937951911    6.9103263259   -8.3176893438   -1.3871018126   -1.3318922852    2.9519767619
   5.7383860457    7.5995808673   -4.0168411758   -0.1894212589   -2.4464208359    0.9497172140
   4.5115946802    3.0487682436   -7.5677463730   -0.0718615229   -0.4025829113    1.0570710408
  -2.3405047758   -2.8134666791   -6.3575323500    1.0600714390    0.2321898562    4.0953773335
  -8.2794401425    4.9461770533    1.7694033368    3.1302620350    3.5078472651   -4.1251795251
  -2.1685441146   -1.5295394085    8.2966654871    3.8619342494   -1.7626610045   -3.8532927979
  -6.9698616108    1.7042649033   -1.3924973110   -1.4404002220    2.3885260578    2.0303065285
  -2.2774614801   -4.0890099947   -8.4630723823   -0.8330031962    4.8284023514    0.9768984268
   0.7675052269   -6.3152301250    5.1889901441   -1.4054923195   -0.6524923183    0.1274411975
   6.4228795801    4.4488687661   -1.0838809389    3.9327089930   -1.5029686569    1.7194411312
   2.9280642665   -1.3258249710   -1.6171627451    2.3625807862   -0.1880525769   -3.3534621356
  -1.4528433676   -1.1756880837    1.1331491165   -0.1654627060    1.0789250310    6.6792227733
   4.6683525332   -1.5416041719   -1.8463202517   -0.9207341412    4.0629398157    2.7699882593
  -8.1519789313    0.2240991900    7.7555320200    2.1818452883   -4.1483002850   -1.8106373275
   1.0650181524    1.6995135592    3.0193989197    1.4084473018    2.6177336775   -1.7319064930
  -2.4528325158    0.8269329221   -5.6392727904   -0.9004303759   -0.9260408156    1.2315524732
  -0.2404173061    7.4874446236    3.7351905402   -2.1741705382   -0.1727577138   -1.4181460664
   6.3205896260   -4.6709700823    0.0178040251   -2.2044678104   -1.5749391430    1.3131381193
  -8.2362079650   -3.3981369751   -2.0915633624    1.7253215561    0.9705796597    3.9925075886
  -7.8161227834    2.0217588223    7.8543710119    1.1654812315    1.2989582064   -0.6421783798
  -5.6115629330    5.6736181590    0.0050620718    2.2397181339   -0.1374959752    1.1584444611
   1.4010056596   -5.5155494004   -3.0890505853   -1.4594372578    0.5101236453    1.7982483651
  -7.5601394495    5.2563717700    2.3912259747    0.9932488367    0.1573335368   -0.5668170866
  -8.3952827134   -1.4209667752   -1.7793204946   -1.4617675364   -0.1274024996   -0.9180666729
   4.7289260073   -2.9744755452   -1.9817092917   -0.5150237680   -1.2266685788    1.4269365799
   2.0385050358    8.4037070036   -7.4579341278   -0.4379956284   -0.7163396331   -2.2030103762
  -0.6199745658    4.0229317358   -4.8692516448    0.2009748789   -3.4382484476   -0.4540920361
  -2.0334693513    6.9733670851    1.4928347089    0.5884782638    0.6138423203    0.1622903541
   1.8172852474   -8.3761107239    4.4094783790    0.7984423657    0.2420433740   -0.7026361540
  -5.6317193257    5.7958465994   -6.9296421680   -5.3089084766   -3.4322196862    0.5811257470
  -0.6815571625    4.6535299713   -0.7827776384   -1.9297980023    3.4959862853   -0.1341909184
  -5.2026167703    1.1874115120    2.4610346045   -0.4497913847    2.2860388367    3.7574743621
  -5.8570632664   -4.1197586724    5.5246827566   -0.7645101853   -1.3981619156   -0.6301344698
  -8.1247620742    8.0902454329    5.7875291952   -3.2971370083    2.3105807079    3.3828600986
   4.5937779562   -6.6613340654    0.7466002744    1.6356588348    0.8679533343   -2.3543836823
   3.7208249965   -2.1151007441    4.9723686612    2.9844861878    0.2615155077   -3.4171850473
   8.5225798929    4.6454501212    3.0326173489   -0.2752989250   -1.0159799371   -1.3178944773
  -3.0326286797   -6.8831092952    8.2570602524   -2.3202518732    1.2858521276   -0.0897560766
   5.2717913900    1.0883499762    3.7169430963    0.8045866968    2.4730371468    1.3744275578
  -7.7166856428   -2.5996812600   -1.4440698216   -1.7206071347   -1.8924372966    0.4164387367
  -7.2990962403    4.2316994561   -8.1594166882   -0.6342581295   -1.0966545210   -0.5690407597
   2.2003581527    1.9804713385    5.9719856480   -1.3954039926   -3.1624503429    3.3935389390
   3.7890127520   -6.7383786934    5.2539926204    1.1654276078    3.4800165331   -3.2769388013
   2.3630067616    3.9242885242   -5.4483605186   -1.0723733507    2.6053227300   -1.0366676271
  -4.6551036536    0.6610036939    7.0972093602    1.4145231713    1.3765283557    3.6715087464
  -1.3556048209   -0.0495946100   -1.0915413986    0.5228619505   -1.3078612856   -0.1117982921
  -5.1356551349    7.5926710926   -8.2424878682   -1.1407782501   -1.9861478101    0.6208990300
   1.4079114921   -5.9097850611   -5.8245850835    0.9284345088    3.3454436785    3.3017083270
  -3.7340765583    6.6883422661    0.7884722147   -1.3326771149    1.8575301528   -0.1498797912
   7.5983507843    4.0295667804    0.9475472411    2.6697503550    2.1688510925   -1.4731537496
  -7.7565672855    1.7085638193    5.0627127980   -2.2534000135   -0.5397713464    3.4920400031
   0.3887592380    4.4321623890   -6.8922153246    0.3302363817    4.7927144852    0.6761750840
   8.0138951435   -2.8092511438    0.1160344893   -1.0760544059   -0.5990121231    2.1172001510
  -2.9580533901    0.6435770118    6.5828656901    0.6932557050    3.2539208401   -1.5419065833
   5.6101790174   -3.4333780816   -2.8860537873   -0.4345709783   -1.0655020736    1.4927865440
  -2.7454781535    1.3750418672    0.8016384719    2.8106077596    0.4737926744   -1.3460224791
  -2.8199927613    2.5885026620    4.6073421258    1.0003561330   -0.8548167241   -1.2523181405
   5.2351550030   -0.4902011529    1.2154043733    1.9866042813    3.9420359035   -1.4487846896
   6.9564170721    2.4778133981    0.2559693460    1.7252090218    2.3404663435   -0.8394715388
  -5.6902250745    6.0289358441    7.3264346463   -3.7507042729   -0.3639855872   -1.7985824714
   4.8002206444    0.9825584863   -4.2143946571   -0.8313570793   -1.9285852251    5.1476741890
  -2.1988974424   -2.8726105073   -2.9704993912    0.5974737796   -2.9090111383    0.0023150224
   2.0762589420   -6.5871573234   -1.7780984859   -4.1918733109   -1.1958563237    1.3750858885
   5.4032150777    8.3928532822   -1.0478984056    1.9887839852   -2.7168990918    0.7887783284
  -0.1648898142   -5.1687269645   -4.8789312586    1.1716626739   -2.3834333701    3.7253692899
  -5.6541105449   -8.0559435124    6.0099562696    2.5060341400   -4.3052835466    2.9398022303
  -7.6128188392   -2.3445574251    8.0463189137    2.7615659543    0.5018750517   -1.2075416369
  -1.2913959642   -2.1648391689   -8.4957465019   -2.8978139079   -2.1873146448    2.5628303976
   1.2751828848   -5.4551977842    3.7531031500   -3.0638412053   -0.5341507687   -1.9392282016
  -3.2304749861    5.1047665172    4.0087210505   -1.4317966964   -1.2471803937   -4.9344057977
   8.0485688989   -0.6609063955    4.3523518946    1.9260403559    2.0211895185   -0.1615015019
  -7.1304940689   -3.2506080593    2.8585064731    1.3306208008   -0.8664533831   -2.9519710673
  -6.3294669179    5.8791861679   -5.7102749885   -0.9731387822   -1.2125359133   -3.0199647485
   5.7558985826   -5.7924204279   -2.8322953043   -0.3348222584    1.2087684743    1.1808890292
  -7.0194234399    4.3673647511    4.7370508356   -1.4397193059   -2.2905306207    0.7201887330
   3.3698800887    7.2433070515   -5.1127125464    0.0443451224    1.5075804519   -0.1682801133
  -7.9122316545    0.0639708493   -3.4074613650   -0.4270533100   -0.1110675115   -2.6434543350
  -4.8949836643    4.1462144448    4.0757875856   -0.1237561870   -3.5440162990    2.4555045340
  -7.9259152725    0.2752972065    3.9116080404   -0.0746232150    2.0394036241    1.9399938882
   1.9858044283    5.5272489209    1.3079957055    1.3442683673    0.8585207279   -1.4507276833
   5.1082475643   -3.0753487809   -6.6119840977    0.4154552499   -1.8248540915    1.4221439303
   7.9064894572    5.5220581440    3.5090327834    3.3652071313   -4.1232509828    2.4491997708
   4.4094595398    4.4205931774    7.8325404833    0.8276431174   -5.1109099735   -3.8032170932
  -0.6335009966   -7.7142579499    0.5843299970    2.0501293981    0.7553664519   -4.0855068139
   3.2070082830   -8.1163389593    6.7613422546    0.2885638935    3.0361681285    1.3279988161
   6.3282037227    3.2951866699   -6.2260405581   -0.0446315934    1.2860041477    3.2243702195
  -6.1953763954   -6.0998079245    5.7948264364    0.2351819054    3.9211636262   -0.9355192254
  -7.3791859070   -3.3423907189    4.1902995102   -1.7063448111   -1.2532780558    0.0561783497
   1.0346945560    3.8799107275   -6.2121986614   -2.4993795960    2.3982869755    1.6859296703
   2.3078026929   -3.0303684574    7.1825002368    0.3024886956   -1.3723532191    0.5877775445
  -4.6860418386   -0.0184925939    8.3452062247   -2.7267832417   -2.5069414575    2.2176935224
   4.6464256085   -2.5724063505    2.5731801028    0.9695533053   -2.0305556918    3.7687821488
  -3.2702212556    1.0427296216   -6.2375390412   -2.1535649236   -0.3170081211    1.0542198071
  -8.1916219318    5.7963218376   -0.1823127202    2.9708452113    2.0622806643    5.4391656825
  -2.9590607265   -7.5292061545   -0.2485228464    0.7567784769    6.0974180961    0.1245125547
   2.1551538905    4.7268018916   -8.2942066717   -5.4198495349    0.1650302529    3.2704399767
   1.9051495275   -6.3147205468    7.2920349578   -0.2850965544    1.2537183075   -6.1754728638
   1.6706201429   -7.9754420954    2.9644773852    0.6573305185    2.4199760756    0.6324175518
  -4.4713734306   -5.0307746405   -8.2401960167    3.1315977542   -5.4218046000   -0.3158133901
   6.1303249419   -7.8700062776    6.9680637184    2.3363675779    0.0828678738    0.8660272195
  -2.2248867775   -5.4253656172    3.3159735666    1.5763523315   -0.7141484050   -5.0085878942
  -1.7380508016    3.6591107837   -1.8056341503   -1.7082013902    0.8627281688   -0.6646234825
   7.2179799054    7.8985597394   -4.0646782399   -2.2857725541    2.4331454693   -0.7803424800
  -4.5915606253   -3.5419785525   -1.0417831235    1.4084370590   -0.1046708080   -0.7030395257
   2.9082497303    2.4247252730   -2.1632335993    0.9179175049    1.0541928253    3.2132900870
  -1.4162991738   -7.3918163925   -1.6355761616   -0.5606085969    0.0031335946    2.9753771089
   2.3507831886    1.6374105628    3.3612577262    0.1352305719    1.3830723062    4.5914442154
   3.7314532639   -6.3876678046   -0.9620258986    1.3292698993   -0.2573590394    0.2149499920
   4.4396784249    6.3135024143    4.8901301842    0.4841724855   -2.5532138813   -1.9118653313
  -5.9745826505   -1.6075971286    3.0783898803   -1.4298624419    3.3494442327    1.6036322033
   3.4488451903   -7.6069884416   -3.9479229043    0.2788377277   -0.5150230371   -7.0230077513
  -7.8357359053   -1.3205867166   -0.7515905321    1.5055683374   -1.8346418052   -2.9328241610
   3.6465011440   -3.7345775405    5.3451248151    2.9465842105    0.6034062384   -3.2091846218
  -0.9452000678   -3.6650371024   -3.0939640133   -2.4043796647   -0.2779185192   -1.2176624974
   6.1576229253   -2.3507468442    1.0780014678   -1.3389668121   -0.8777511596   -2.5648723945
   3.1739161921    2.4390560129   -4.1984303843   -1.4092414496   -0.2815321277    1.6940635911
  -2.2960463015   -7.3235084286   -6.6867515452    3.2103502182   -1.5932688053    1.1729631826
  -0.3021373324    2.1088537740    8.2820856605   -1.8238317977    0.2226507349    1.1278496792
  -6.1295111595   -5.1810620943    8.1064584972    2.9323553399   -2.2435292663   -2.3360559719
  -4.6522052299   -6.6803629967    1.7579040904    0.2667364153   -0.6228114524   -0.0358369836
   0.6266289943    6.2063613150   -4.6149203738   -1.5825421594    0.1438966541    1.8709450716
   5.3148952769   -2.3340149140   -4.4779690045   -1.8026579649    1.0595681727   -0.5633904733
   0.5637853912    0.2447810809   -2.0472169051   -0.7082362766   -2.2933347156   -0.5695573438
   4.2877620785   -1.6360384390   -8.1627689952   -0.4406866675   -4.7268226358   -2.2420468299
  -5.4736461462   -6.0395149922   -1.7760159719   -0.1396109847    2.1370302082   -1.1844079003
  -0.3943579072   -4.7040520883   -1.6975293606    1.6890496867   -2.8674706846    1.1934034432
  -7.9878427492    6.8713369962    7.8844567629    0.1296333986   -1.0575221410   -0.3958079661
   6.1939727365    5.0190059383   -0.1285952317   -3.2788737533    1.4627671325    2.0591916456
   2.9634190671    6.5468045102   -5.9296988974    0.2259282286    3.1832678155   -0.5025807436
  -6.8649088976   -7.0788994216   -4.6862770417   -0.4508427363    1.2689449798    0.8295639812
   0.7476901479    2.9473964941   -7.9554080586    0.6048192957   -2.1197712234   -1.8985002852
   1.9356710198   -2.9720117909   -7.2219145672    1.8225930433   -0.4323273460    1.9873051736
   1.6644403041    2.5613734660    7.7244187246   -0.7087731609    2.0470168981    0.1478340538
  -4.5727530757    7.1466542789   -2.3130960512    2.3553875430    2.7797904188   -2.4089494665
  -3.1326289333   -4.2131949550    3.3354774863    3.2167618204   -5.1373924575   -3.6683158238
  -2.1691100897   -2.3191380418   -7.7440243641   -0.2267224855    1.0437639616   -0.4445500885
   0.1040277460   -1.0075254625   -1.8183382443    1.6406705459   -1.0399533063    2.3892109148
   6.0933769791    6.5666121216   -7.6371705923   -3.1102007900   -0.9261979088   -1.1783326854
   0.7558797341    3.2133845140    7.6966964991    0.1734008037   -1.2971959535   -0.9678521001
   5.8335600726    6.1791758201    1.8353926278    3.1158630817    0.2478204981    2.0707974886
   0.3901981529   -7.0533179675    4.4450523567    2.3747132156   -1.5840094375    1.7541910084
  -8.3206671138    3.9245786120    4.5132667109   -0.3958781021    0.3655722618   -1.2226243035
   7.3022005576    5.4499344561   -0.3101846316   -0.9902908406   -0.9545547426    2.4697758211
   1.8191341587   -7.1970306841    6.0100396163    4.7516482053   -2.5192939073    4.5111446784
   8.3983403728    2.7216602749   -5.9232564128    2.6891859755    0.4266889209   -1.4945062217
   2.6745034125    0.6989622947   -3.9054145937   -0.9978912222    1.8320397032    1.9567121449
  -1.9377476783    4.5297423192   -4.8913777032   -3.1560034584    0.3232917711    0.4121753945
  -4.8170855529    5.7229228123   -7.4604580851    2.1426379025    0.3149710128    0.6020632984
   2.6826938648   -7.4797399171    7.4615257929   -2.5620738490    1.7443170347   -2.1355665219
   7.4439625026   -5.0039004948   -0.5814589838    0.1174116333   -6.5021871699   -1.0209024842
   3.0003809550    7.3156821540    0.7579901610    2.1573210825    4.3686178530   -3.1533284200
  -4.1422933125   -2.2879283178    5.7474911219   -1.0365581293   -0.5188109172    2.6892366874
   3.8368694904    7.3563693989   -5.9081112925    1.9337474370    2.3038432878    1.7244892989
   2.1542536008   -4.5807566249    1.0474467808    1.6661880257    0.3030801589   -0.8939236174
   8.2423669004   -7.8484294378    1.6966586546    0.7071397128    2.5696280493    0.3052489372
   7.3784474827   -5.4058773849   -7.4024072431   -1.3505654930    5.2127828318   -3.1017669083
   0.9718844120   -8.1654990850    5.6546721538    0.6645429315   -2.5549027798   -1.8516556557
  -5.1255887800   -5.5404624684    8.2954606000   -1.9275452192   -0.1398543692    0.2981103742
   3.2967111380   -4.4652017586   -4.3881294039   -0.5068609006    1.6019141410    2.3647244258
   3.2561470004    7.9143156496   -3.1407479804   -0.0698753661   -1.6507992957    1.7735226709
   4.7926925165    8.1854605111    5.0138081688   -3.3583756585   -3.8560295395    1.7148385044
   0.6163667231   -5.4390425876   -6.3325868040   -0.9248209541    1.9014905332   -3.0750457447
  -3.6631412301    3.5608571672    3.8931999196   -0.7006020884    0.1907983715    0.0582123030
   6.0710544708    5.2965406373    1.2964244605    1.6492056559   -4.0737133650    4.0093257599
   0.0482300302   -2.8873129795    2.7859672206    0.1971127514   -0.8820164636   -1.0139453861
   2.5796067501    6.7821351771    7.9196187241   -1.2728571821    0.8073491149    1.5691741418
  -5.8146777192   -1.7790600152   -8.3213961842    0.9837759688    1.5743760247   -0.7465878394
  -3.8490867630    7.9296960353    1.0813845525   -2.3708972209   -0.1074025489   -4.3604275239
  -2.7239685238   -1.9057886380    4.9770709994   -2.9906893189   -4.0797338147   -3.6184640452
   6.3536460226    5.5945905422    4.2041454120   -1.6556279328    0.3155940595   -3.5387661792
   7.9546285166   -6.9426943465    5.8231351856    2.3979854285   -3.9336349504   -4.1515044765
   5.1429430867   -3.1976622711    0.9132090110    0.3116576075    1.0313469952    2.6387157800
  -7.4363934515    7.0196022675    4.5417526784   -1.2988458685    3.6397128858    1.9323574978
  -4.4945359716   -1.4649619775    2.1817895151    4.1530501353    0.9776423267    1.7217956121
  -3.5957477868   -1.1654228335    4.3971034289    0.9796337515   -0.3951109759    1.9630148086
  -5.3676687326   -6.2093864119    3.6652643984   -2.8162911660    0.5652191898   -2.4673755263
   8.2506202259    7.7595557600   -7.6722259121    0.1180240178    2.9275920079   -0.4292010195
  -7.8353119937   -5.2902813460    1.9883515575   -1.4841743927   -1.7503032287    2.2875834091
  -0.0499767251    8.1603333576    8.2742892582    4.5506891629   -1.3281981027   -0.2003597467
   8.2063332065   -4.3346436163   -3.4240618799    0.4229658088   -0.8817778531    2.2786173093
  -5.3655590243   -6.3779561592    6.1868888601    0.0141870904   -2.6540167696    0.1085298982
   4.3250856244   -4.2767833768   -3.7296770260    2.1173457991   -0.7836493354    0.4152767349
  -4.9368091331   -3.6204904552    7.3604408522    0.0924616796    2.9072773823   -2.3687075752
  -1.2430467560    7.5292688025    0.1190455790   -0.5466468629    2.1009795569    4.7480253774
   3.7616570528    6.0874397625   -3.1845080790    0.8687701719   -0.0023570428    3.5470683366
  -3.2978002551    7.5151491635    3.5009056139    2.2606173801   -3.2026428081    3.7487849609
   4.2219693724    6.7030341156    1.9956855041   -2.9505119033    2.3865062127   -1.3082192587
  -7.2317154669    2.4031742566   -3.6900980304    0.7815400387   -2.8077794482    1.0118571376
   6.2395584287   -3.1207066800    3.7875175474    1.8269134165   -0.7248703625   -0.0839667405
   4.8927407469    3.6806691634   -4.8617703353    2.6848438178    1.5590774773    4.2350187631
   6.5561056956    3.4303052613   -3.0523796418    0.8465299263   -0.7323478158    0.4273275761
  -4.3969004654   -5.5769825429   -6.1227769737    1.6536073292   -2.4332538610    1.9961227406
  -6.9566497449   -1.5214096561   -6.8570796778   -1.1260431519   -0.5965081661    1.8770898582
  -7.2330341658    5.2503271128   -4.4306486612    2.9975149119   -2.4060298161   -0.7912161099
  -5.6143210849    4.7514240148   -6.7123735464   -0.5719751076   -0.6672233939   -0.0820846831
  -8.4422781678    1.6476156315   -6.5306278412    1.7029202255    1.2291666809    3.9160220766
   5.6690020995    5.0154588077   -3.3648210917   -3.1951399398   -1.9238748108    1.6178202047
  -0.8475857744    3.4226616202    1.5115148098    0.9110475072   -2.2916736807   -0.8898952926
   6.5857730603    7.7494041831    5.2591183304    0.5250871161    0.5888978853   -0.8509534163
  -2.1674780527   -7.0440406728   -0.7181831025   -3.7798989455    3.8524610925   -2.8797376594
   3.7897990213    4.3602089962    1.0461357941    1.4469281387    1.0089684211   -0.8658867211
  -4.1768565599   -5.2795561230    5.9370139952    0.2823371498    1.4657896568   -2.8536236872
   6.8796686206   -8.2532651270    7.5849967932   -1.8686035358    2.2701679526   -1.4610408489
   3.8769447365   -2.7138538220   -5.5608889596   -5.1976446440    0.1594980366   -1.4175446527
   5.7781497169    1.7717841028   -3.3376277037   -2.2971718986    3.9810434953   -1.9607717933
   0.8131577644    5.4849295921   -0.7074601953   -1.5434630799    2.3158903833   -1.1365408314
   2.6969480258    7.7590574687   -5.8714238444   -0.5108748002    1.4329961474    0.5174721784
  -5.2169053452   -3.0327321877   -7.0653912150   -1.2804063616   -1.4585787406    1.2813215742
   8.4751591475   -7.5056035524   -0.3732523449    0.9900449710   -1.3523798374   -0.8832663319
   0.3534222758    8.2731431662    5.3831139331   -2.5003212812    0.4965944300   -0.9825978117
   0.4181762135    4.5596311051    3.4617109070   -0.3902813341    2.1477386542   -1.8398081672
   7.5664929573    3.9068445872    4.6543748807    0.3014058475   -2.1075621629    4.6879716050
  -5.8573589811   -4.8386788250   -1.2996421084   -1.1076386170    0.7857638862   -0.4435143239
   4.5798498450    6.6669340842   -1.0911636187   -0.2898132882    0.4185703258   -1.9449773463
   0.9798974145   -0.8026526977   -6.8855662032   -2.3430522822    2.5832536556   -0.9814842698
  -2.4812126690    5.2980838644    1.5313263600    2.8357087299    2.0617393735    3.2753350428
   7.5217250216    5.9367750279    0.6302620359    1.8587408950   -3.6315887398   -0.1816017554
  -3.2153227629    6.8048493162   -7.9114027670    1.1213363877    1.8040201635   -1.5828420021
  -1.4957615076    7.9653537727    7.0393915672    1.2433920776    5.8519958005   -0.8623218305
   5.3505577528    2.9892731757   -3.5574722965   -0.1212298599   -0.1057703892    2.1043279659
  -6.4839574860   -6.7206514418   -1.6974986919   -1.4836473112    3.5256473313    0.4956634037
  -2.2573269762   -7.1555899009   -2.5187067881    0.8609661823    1.8448281898    4.4503627593
  -4.0151252751    5.3077928050    8.0392445414   -0.3610272337   -0.4742172309    1.9663891732
   3.9923354008   -0.5416023387   -4.9788305785   -3.1337149343   -1.2774131916    1.1502676045
  -5.2697143060    1.2500547380   -6.8550959353    1.3628389129   -3.1513546449   -1.0624062769
  -8.2749649463   -4.0257213902    2.8702368538    1.4791565165   -1.8454473157    0.9080516388
  -4.4934371282   -0.5669426400   -5.9771591299    3.4195568359    0.5996692947    1.0547838503
  -0.3531342499   -1.3610024903    3.2987661263    0.0714160173    3.0883002090   -1.1543812133
   4.1269190152   -7.4023210779    7.7531744736    2.2243503569    2.1050360866   -2.4161013030
   1.1319480279    3.2710931345    0.1330236100   -0.2224008634   -0.4629676049   -2.7613836929
  -6.9243675263    8.3337196518    5.8820994359   -3.6278833671   -3.0870559941    0.5826214621
  -4.2170279405    1.1851519179   -2.7949194622   -1.1316303468    1.5163473899   -0.0132319204
   2.0705889864    1.7607608477   -4.1910151095   -0.4354155753    1.8368227736   -2.2924535537
  -6.9699157033   -3.8059957135   -4.2395720239   -2.5803005950   -2.0526994827   -2.2861218526
   6.4555024951   -2.1880210746    5.2029586807   -0.7454724475    1.5099221287   -0.2566939173
   0.1332820479   -5.7374484405   -1.5829501556    1.4928175500   -2.2802598499   -1.8706925982
   2.3190984166   -1.7185370677    0.8831902170    2.4358131244   -0.2591766299    2.4703279563
   7.6096359627   -4.8555589469   -4.2528383533    0.6758119820   -4.7567732798    2.3759909989
   1.4143254396   -1.9749912538    1.3554095477    3.2031990298    2.0514637244    3.0907514272
   7.3872981385    4.5066960183   -5.5535102641   -0.4919375818   -0.3863024127   -1.2754757572
   1.2150526623   -4.3182673126    3.7093401132    0.7666629536   -1.0465979910    3.5062160230
  -1.2044475611    2.9480762482   -4.9963754550    4.4604897000   -4.9781998548    0.9378322443
   3.5398659089    1.3326484732    8.5292019517   -0.6925881121    1.2032207496    2.6748185853
   7.8639304023    5.6864300443   -4.6727880859   -2.9870291242    1.7980622836    0.6775921873
   6.1430395215   -2.2457834688    4.1839233785   -0.5587743504   -2.3398022623   -0.5886958609
   7.4394154589    2.6539644153   -4.4111300653    2.7587005188    2.1811865387    3.7912269182
   7.1106902620   -1.5967414560    1.1791347701    1.3390790343   -0.9953579505    3.0590786563
  -0.4254050140   -5.3688626035    8.2272693312    0.7466188397   -3.2626533262    0.5741005652
  -1.9074965190    3.8363874152   -6.6953171377    1.1477748023    3.3122103958   -1.1020147574
   4.9084671753    5.2871333312   -4.0497680322   -3.4510857778    0.9823709361    0.1697822271
  -4.0692593537   -0.8611853944    0.4314102734    0.9927102977   -1.5898208826    2.7001172700
   5.2971297434    2.2058081442   -4.3528923699   -1.3006545962    1.7923305622    3.3001560161
   3.3923621758    0.6013593052   -5.1442100421    0.0220971365    7.1410773187   -3.3458649742
  -2.8381579042   -3.5325558390   -0.3698320685   -1.2462190147   -0.5519622618   -3.1238319506
  -0.8490587804    1.8610685634    5.5107231294    1.2322823980    1.0582324771   -2.2062826792
  -5.0880833923   -7.2807724804   -8.3341071686    1.5181139834   -0.3592580778    1.0334477124
  -4.2565926946    5.8986061857   -6.5790000200    1.3196609080    5.8989508306    4.3393200352
  -5.5661676945    0.0119161537   -7.0790425334   -0.2399613803    2.2803292525    1.2004271266
  -2.1889020537   -5.6889272232    8.2296928102   -0.0278355936   -3.1300915450    4.2655804369
   6.4937191814   -2.7193966853    8.1373708131   -1.8640658568    3.8652251805   -1.6966190518
  -4.1935375755   -4.5709606573   -5.0752889730   -2.0859079701    0.7395812014   -2.6425996025
  -8.1687927079   -7.4144776465    4.0732967961   -0.0283448447   -4.9206633891    1.8917300507
  -6.9497441906    3.3239545903   -5.5986345586   -0.1502871611   -3.4408476344    2.0548604027
   8.3367016065    6.7326337675    4.8901025860    0.3958790571   -3.7456216027    2.2911379918
   5.2692293452   -1.5464849862   -7.5393365895   -1.7953386388   -0.5108631159   -0.1249951781
  -6.0779455353    3.5411527592   -3.7795593348    1.6812129897    2.1126232927   -1.8551647772
  -5.1087213689    4.8589752121    1.4480720930    0.0505953709    1.7285288082   -0.5010600127
  -2.0582451895   -4.9982373439    5.9141097127    2.2616010432    2.8800022935    3.6216123399
  -1.2248362752   -2.2957375337    5.3736046191   -3.7551355136   -0.4476274081   -2.0978218180
  -4.5394651528   -8.4727088141    8.5313461071   -2.1436046526   -3.3877768037    0.1187086453
  -7.0229648571   -4.2993830952    8.3457689088   -1.6549623729    3.4429505450    2.5743892253
   0.0484784207    6.9595555505   -0.7068580492    0.5405442842    0.3491031180   -3.3428701139
  -7.3817339051    3.8824208333    3.6969263542    2.2199520599   -1.8152591535    0.9948891136
   0.4425379769   -8.3714319189    4.3952628465    0.9379743581    1.7607275833   -2.1838593870
  -1.5401200600   -2.8855084677    1.8027106536   -1.8762653761   -0.3197779363   -2.8839337326
   6.0017681334   -2.6999187812   -5.4916803594   -1.5350529707   -1.8703474238   -0.8726262240
   4.7606125684   -7.5790515430    5.1561373995   -1.9450891818    2.1131770501    3.1750894683
   4.8213321042    2.7781060487   -2.6666001884   -1.5754725736    1.1960537732   -0.9511341512
   5.8566117631    4.4139728760   -4.5522854460    1.5677101257   -1.4903326177   -1.0537321391
   0.2888303485   -0.0310822176    5.8173025150   -0.3076016563   -0.8340841546    2.1673668749
  -8.0534319168    6.4579391416   -2.4871851821    0.5268131010    1.8354368456   -0.8837582569
   3.3942929587   -4.3095681866   -5.4490883059    0.2334855183   -0.7374253301    1.9738651084
  -6.9519965004   -5.7501891620    7.4784196369    3.7324110933   -0.3009611001    3.2445333850
  -8.5172120989    6.4555213150    0.7988631125    3.2658682888   -0.7105057877   -2.7648643267
  -6.1183595723   -5.2200550397    5.9895866065   -4.3505781025    1.2157747736    3.4706960080
  -6.4628845181   -2.6184230484   -1.2019058076   -0.6242384041    4.0218551639   -1.6112605051
   1.3418086472   -5.2992588160    2.2908949182   -2.3688282376    1.4113060556   -1.7598821277
  -6.8664999157   -0.2845868817    1.5743499118   -0.3401298301   -2.0636271316   -1.3854844866
  -2.6566428787   -5.3065562904   -4.1106543934    1.8868564879   -0.3887472125   -1.1329459527
  -8.2299695307    1.6654100799   -1.4145773382    1.3670502959   -5.6455222492   -0.9335236709
   5.7618001771   -4.9501132739   -5.1526576198   -2.1408014320   -2.4045576723   -2.7752148848
   4.8513371124   -7.8299725857   -0.5129403417   -0.7903522170    1.9190939587    0.4798673017
  -8.3557388440    2.1145676081    0.3336634973    1.0232859502   -0.3604916985   -2.3177646518
  -7.6856050031    7.0447118026   -1.7023257996   -0.4923799601    1.1980236656    4.1962735233
  -3.4083718774    5.5187183067    3.0129933209   -0.6055073758    2.0849188349   -2.1710860781
  -7.6012470969   -4.5929702646    7.5487582702   -0.7619702775    1.7257208734    3.4880296054
  -2.6918638384   -5.0557268238    7.0923746257    0.1282471368   -0.0715459916    0.1987659805
   6.1665024863   -6.0609388915    4.1014493310    0.7064457994   -3.2816366314    3.2640436772
  -3.2806658964    3.7492813639   -7.9496520030    0.0964695355   -1.5173254155   -2.0064583870
  -7.3028361247   -1.1928200969    4.7170838201   -0.6336241361   -2.2509687501   -2.8089004968
  -2.3107763440    7.6104197880    8.2309875304    1.9729543609   -1.0981607995    3.5941317020
  -5.6343743701   -6.4919691335    1.6168006216   -0.2960709208    0.5971840125   -3.1594707177
   1.6391310944   -2.1245051191   -3.8496355923   -2.4853734185    1.1706711855   -1.6540494953
  -4.4072318555    2.0580252737    0.2168272608    0.9082721187   -4.0431029554    2.4973914279
  -0.1959449890   -5.9708115738   -3.0335795933   -2.3124059058    2.1933421911   -0.9104903734
  -3.1635383595    4.6629387581   -0.8573874252    3.8814563542   -0.5306391787    4.8442767613
  -0.2468678866    1.5753718886   -3.0540186591    1.0641764009    4.4981749703   -1.3315875772
  -7.8329718338    8.4304385650   -0.6702958179    1.8104407061   -0.0735779281   -1.2595245321
  -3.4053268749   -4.7738804388   -5.7755516742   -4.3617500945   -1.8800567388   -0.9817447857
   5.0982698867    2.3847354509    0.7217256759    2.3716541268   -2.0261820206   -3.5406486636
  -0.8273081441   -5.2167162242   -3.9135800540   -2.4671161398    0.3748957486    4.4172254058
  -2.3527845597    6.2038947251    7.2212615456   -0.6303353864   -0.4036298588   -0.6900776643
  -3.0594384854   -5.0675213678    4.4894057308    3.5762870289   -4.7546652812   -1.5615587898
  -7.8895108455   -3.8954333702   -3.5177314444    0.1278354523    1.4561564584   -1.5076642388
   4.3543918052   -7.7633296375    1.6167958066   -2.8660045942    2.7210302827   -2.2214774649
  -8.5487207922    4.3540067903   -0.0819590190   -1.2896131229    3.0882655552   -1.0088090755
  -7.8032483277   -2.3154725377    1.9118369048   -1.2973812293    2.9965800970   -4.6158746622
   3.4939354408    1.2961649388   -2.9314220985   -0.2905183049    0.9439193954    0.8209886337
  -5.3942879146    4.3962361922   -5.3380934668    3.4009648999    1.4771398739    0.9703471855
   5.3594510731    5.1570104141    8.4214432969    2.9025395669   -0.9710822355    3.8553592224
  -5.3125515312    8.0240670013    6.4783057484   -2.1337514092    2.9234490499    0.7964586535
   0.6841306594    7.8211933942    4.0638709289   -1.4279441786   -1.0598170630   -0.7851985744
   2.6382023585    3.3822241607    4.4071887052   -1.9928787093    0.2944243249    0.4911272457
  -2.0251028404   -2.1714998718   -2.2169947232   -1.9365986809    0.2132460427   -1.8700521292
   7.8626766241   -5.5041886048    1.2650568150   -0.5076169268    2.6602705995   -1.8579085564
  -6.6329298918    4.4409358243   -0.6209540620    1.4435797841    3.7599361977   -0.0571823334
  -8.0470177416    5.9228107674    3.8324933315   -2.7882092311    1.2476481373   -2.3149926131
  -1.8683990729   -8.4624421026   -1.9032096062   -3.4938180940    5.8761443107    1.4295172844
   0.6976940833   -3.5508128390    3.1543276929   -0.6501525593    1.9101823249    1.9319735797
   2.8668821487   -0.9685998242   -7.0803188416   -0.2680961597   -0.2321158358    0.3510649663
  -4.3922246704    3.5553560743    3.1848348995   -4.3810836008   -2.8151794086   -0.7823136157
   1.6646538128   -5.1165973466    4.7677117972   -1.3725899554    1.9097226511   -2.2134155329
   5.2813798051   -1.4439859616   -6.2025602223    1.8496839406   -2.5879627628   -4.1882290950
  -5.4496327217   -5.7034380787    1.1586498696   -0.3166192413   -0.1005329490    0.9036521423
  -1.4291464885   -7.3464003749    0.8486300764    1.7697887293    0.2590641921   -5.8774459212
  -0.8627422994    6.0759493794    4.5850342432    1.2319886805    3.4666126093   -4.7440789877
  -8.5408638226   -0.0038087151   -0.8859670179   -1.8412811703    0.2147869925    0.8595141586
   6.6704874461    7.6651895974   -2.7099592077    2.8254526321    0.3690177829    0.0666399830
   1.7823399066    7.6993295302    5.0303435204   -1.4448559632    1.3289254140   -1.7033094811
   0.2992453076   -6.0601320894   -5.1994273887   -1.1166974105    5.5101314748   -2.6912662495
   4.7886458656    2.0634635391   -3.3891683042    1.5456809538   -1.3587266141    0.0550916577
   6.6199086516    3.9756280513    3.1385386707   -2.4959511186   -4.9203552001    0.1280102747
  -3.6985381648   -0.4270362870    2.1779807734   -2.8331160166   -0.1982492286    0.5971278675
  -5.8285633294   -6.3835005624    7.5688487393    1.5848772987    1.1449476121   -0.5112145871
   0.9954538702    1.3725704769   -1.0681777145    2.3541343630    3.5417633824   -2.2704123340
   2.5823423508    1.5055193167    0.3755481197   -0.3559763624    3.4222642693    0.6698676359
  -4.1192577937    7.1234965202   -8.1781552545    0.6255215063    2.8968142901    0.7346168886
   0.4254300539   -0.4844799061   -2.7168896910    1.2872256616    1.2277884033    0.4230991382
  -6.9200988040   -6.4104345715    2.2115528899   -1.1940298965    0.6027813964   -0.1619547532
  -7.3491043267    3.0958519343    4.4241837854    1.7010641832    2.8089270083    2.5844627631
   6.3576953481    3.6660451903   -7.7235596225   -1.6698430273   -1.2032224550   -5.1581373689
   6.6833706406    2.3475763425    4.7948551578    0.6612921747   -1.5126070481   -2.1814584254
  -3.9839868505   -5.0747404471    1.9578738224    0.8680406057    1.5117880603   -0.7943809250
   4.5142815613   -5.8730062109    6.4900636793    6.3116161613    4.8341483835   -1.8914012792
   1.7752812829    5.8534306049    7.7906125377   -1.8704313585   -1.0150748961   -0.9581252762
  -5.7734015721   -2.7637718399   -7.9499358844    2.5167516753    0.8560370644    0.5806114910
   5.3031774464    8.3271349394    2.1788080008   -0.1529594037    5.2750831616   -0.3964036224
  -0.8684561207   -6.7098698530    4.2630917659    0.7513436511    2.6175562626    1.5306223582
   7.0545822753   -3.2684625916   -5.3400329144   -0.6786675821    1.7566611706    1.0395596823
  -5.6389942898    4.2207610834    6.0620000347    3.8433740714    0.9712945174    0.9871728809
  -4.9996862759   -1.6343402626    7.0824279728   -0.2023591846   -2.2408569588   -2.4138785464
  -2.0069083705   -5.2640242707    4.8733305582    0.2603078267   -1.9642533677   -1.1133038965
   0.2846465359   -3.0651932864   -2.4982657111    0.9879279664    2.1619357668   -0.0541514963
   3.4702732016    1.2299017730    1.4897829663    0.1969141390   -0.6570262632   -1.5927252432
  -3.0262762933   -2.3946393770   -4.9392227878    0.2917035050    0.9645715752    0.9844877297
  -7.7529822574    7.5546447461   -5.6370505034   -0.8127456500   -1.7645783663    0.4660071808
   7.7333249024    0.6158117463   -0.6943790927    2.1002719620    3.8117400742    1.1966018185
  -2.9193047140    4.1746270543    3.1437795749   -2.5036927240    0.0084403711   -0.7967689293
  -1.7721789394    1.1531645931    6.3422426356    0.1711167435    1.6147986957    2.5324794974
  -4.8101143712   -1.4380942093   -4.4885519303    0.2162950030   -1.0296548300   -2.8309849149
   0.4110326296    2.5203550909   -1.4910491904   -1.6412032341    2.3704266936    3.0616914656
   0.1538398924    5.8988074053    5.4620193914    3.9373975182   -2.7835988047    2.1798196898
   8.4294729478    7.9972443299   -4.4503711947   -2.0323563289   -0.3896136975   -2.2474283603
  -5.8473451407   -2.0320755616   -0.7023022378   -1.4061956532   -2.4873021498    0.6117323799
  -3.1277711008    6.3499981738    1.7654233765   -1.0781422462   -0.5802346846   -3.2196594961
   0.5225117169   -1.7628400816   -0.3378788041   -0.9213613170    2.0877115438   -2.5430912060
   1.7890627757   -2.0790563792   -7.3688984965   -3.1820075819    0.8507734294   -1.8768982109
  -3.2443335200   -7.7929415822    7.9939555983    3.3648820726    1.6487167223   -0.5668862047
  -2.2223542325    7.1423236547   -4.6311328847    0.3721193085    2.0779579405   -2.5620278014
   4.4698426347    4.6074019389    1.7202149799   -1.1893052026    2.7455015442    1.7440303969
  -7.9187778283    8.2135412677   -2.8406658347   -0.9401521418   -3.1120750210   -1.2548502676
   6.3923947031   -6.5541367669    3.2253380589    1.4339956017   -3.3521610673   -1.3125148639
   7.3413885474    3.6606624996   -1.1707305662    0.9645327182    1.1728025562   -0.0165013621
   7.0221641390   -5.1226699654    7.3221062571   -0.8459569729    1.3080483396    1.6645876626
   6.5159293265   -3.4857729747   -0.1519679095    0.2216370944    4.1686562269    2.7943778932
  -6.9742327040    2.8248853545    1.0777542974   -2.3279117861   -0.7710931713    0.1698581686
  -7.4227770850   -7.8619790601    7.6687011417   -8.1667476771    2.9550961791   -1.8235155305
  -1.0101553091   -0.4210090595    5.4132074313   -0.0311293017    0.5843417929   -0.1892455282
  -2.2018076527   -7.7983830427   -5.6654902421    3.9788744209    1.3196917928    2.1533434803
  -1.2352604001    5.1560335922    0.3972481063   -0.5230557888   -1.6691537156    3.5073563261
  -7.4098297399    0.0352641923   -7.5595175692   -1.6586137361    1.9773279953   -1.9602853548
  -7.4763532232    2.3706524546   -6.5754947623   -0.9021013571    1.5982870084   -0.7949261581
  -6.5047226409    1.0553479941    1.2053991475    1.1229206009    0.1050302211    0.1964135846
   3.0154012807    7.5481417059   -0.2719588415   -1.1156791305    1.3670160426    0.1337187294
  -1.3093118501   -7.9317869366    1.7712935084    1.4363526417   -2.1359847656   -3.1962661367
   2.1792460176   -2.6307494019   -3.2632258886   -3.1167042564    1.5685820469   -1.5805144110
   0.6280141710    0.7961970737    7.8670928465   -0.6979499699   -2.5926069692    1.9018330977
  -8.4401911153    7.8725092755    0.9665974980   -1.2379698877   -1.6352938875   -1.9968529645
   3.4114366721    1.5980088235    3.9868797068   -1.5861094628   -0.7713228528   -2.1991495999
  -0.8660933314   -3.6493670241    6.9535476973   -3.5609437509    2.0240111119   -1.4961047787
   6.5614555192   -2.8621061729   -4.2750140629   -0.5442813632   -0.3707584986    1.7964935744
  -1.1463406973    5.2186719475   -4.7296544263    1.8764884516    1.1145778045    1.9985602328
  -7.7073008578   -3.9685466174   -7.0589856093    0.3782351597   -0.3080369268   -3.1538551690
  -6.6476552910   -0.4800505495    2.5906183457   -2.7801880538   -2.5729175187    1.8980814141
   5.9186352054   -6.8086355648    6.6020518886    2.2241184289   -1.8798271514   -1.3965387723
  -4.3785375697   -2.5484054013   -7.8020036404    0.3234799073    2.8531470904    0.2941339609
  -8.3726834003   -7.5105275310   -2.5717743361   -1.6300872124    3.9428722334    1.0598946987
  -2.9749405252    6.2393659824    0.5312310569    0.9959937902   -2.7948563410   -3.2014820162
   2.4178038273    6.2858236805   -1.8599319366   -0.9888744466   -1.1490942760    0.1257058237
   4.6519056594   -5.4113367842    0.2809147575   -0.7055131831   -0.1537949517   -2.1601294783
  -0.7823114492    6.3999891543    3.7101711873    0.6212872983   -0.0542290784    3.1572715899
  -3.2569731084    5.8456591622    6.5012360091   -2.8778683890    1.8729686673   -2.5265949626
   0.4087921173   -5.1337340318    4.3046235891   -0.2325366266   -1.7792236492   -0.6940331187
  -1.0846105683    7.4212387219    6.0836963590   -0.0660312671    2.4727428607    1.2837177270
   7.5205851499    6.9884430726    0.3210851884    4.2782902135    0.1330217808   -2.4502949466
  -6.3310954550   -6.3246798109    8.3762718148   -1.6267603843   -2.9409614439    3.6472338967
  -1.3192636674   -8.0214738941    4.7926405000    1.2894633236    0.5737840595    0.7346061509
   0.9051836837   -0.4864509072    3.3046741577   -2.3178258400   -3.0457936333   -2.1615905633
  -4.6776334745   -5.9000280698    4.6429444659   -3.9478238835   -0.4445378373   -1.1489518573
   1.1876642988   -8.0293304270    7.3748408890    0.4294043785    2.8473492731    0.2722681208
   4.4795854180   -1.6240106900    7.0146075070   -3.0266381028    4.9027440396    4.8614541957
  -8.4214702577    4.9053295085    4.2450169466    2.9279152328    2.3383789329    4.0335969177
  -0.6532546417    8.1354369115   -6.2642834049    0.2179087288   -0.6819892771    1.5384341454
  -7.8797791747   -7.8590239221    0.3812691812    3.3686211511    0.5791100967    0.4535903682
  -2.8384206449    2.4455496802   -1.8828374402   -3.5441800669    3.8110521206    0.6476161421
  -3.1483711383    3.5260025909   -4.4544130726    2.1456981969   -0.6186755508   -2.5771276242
   3.0312986009   -1.9521784568    2.4678007135   -1.5806131660   -3.0108978242    1.1913727879
  -4.1098293111    2.2711159632   -7.4276289675   -2.1800340625   -1.5140818684    0.2523860490
  -2.1099605999   -8.1991660444    0.7674054868    1.2204458843   -1.8884117965   -1.1594923627
  -3.4363290475    2.5782885545    1.1199996988    1.9404476839   -1.2299933676   -1.8168168791
   4.0781755648    5.8868456316   -1.5745125295   -0.0329790548   -2.0326153449   -0.2067773737
   8.1863273342   -5.7858287796   -2.1967103626   -0.1754913513    1.9301452961    1.1535280143
  -7.2481984425   -0.3318164991   -1.6376473032   -2.0988400195   -5.2906913656   -6.4451268555
   6.9880951517    7.9507136823    0.3602357293    2.4021226018    0.4607120973    1.4337588883
  -4.9274553654   -6.6740855878   -0.8018168157    1.2722334510    1.0519427172    1.5172252657
   5.6989875838   -2.6075537572    3.0258560540   -1.6559583675   -4.9076022580   -1.1087541792
   5.8243711082    2.4271537719   -8.1045101292   -0.8789815206   -2.8318531074   -5.8473279202
   2.4672028689    5.5557801064   -1.2478723904   -2.5632858982   -1.7506955376    0.4971105314
  -2.3137981200   -0.8887406781   -1.1687362366    3.0290873165   -0.7664221196    1.7414208448
  -4.3495972275    4.6649603301   -7.8361174971   -0.6376532519    0.4653655313   -2.6364967194
   1.0682471284    1.0208037306   -7.3201409104   -0.8727958698   -2.2767129296    0.3469083772
   3.8798078348    2.7675480635    3.5293858545   -0.2293488496    2.4180497070   -5.3768149183
  -2.9929058280    0.0453129124   -1.2010346103   -2.5221939031   -4.9907805798   -1.2883656616
  -3.2718232830   -6.7719859912    7.1030092192   -0.8362753927   -2.1323478596   -1.9885161848
   5.4562968686   -0.3505579776   -7.3769596262    2.3592848461    3.1741639549    5.0489683609
   3.4394648756    1.6482635355   -5.3248890028   -0.8882646261    1.4355547475    1.4900733034
  -2.4477796623    5.5853920682    5.5506274669    5.4437366541    0.8732144920    3.7292038607
  -4.5448536356    4.0182826481   -6.3729326380    0.6953366755   -0.6299936858   -0.4934479279
  -1.9304284735    1.2936479565   -6.2975013701   -3.9109661452    1.8445879552   -1.1221159446
   0.5368827833   -7.8722950632    1.4117582123   -1.3741053274   -5.8254293646   -1.3920613510
  -0.8021796133    3.5028000986   -2.9635170506    0.9684888196   -0.2461822518    1.9734111205
   2.1506752265   -1.6739639119   -5.7189382220   -3.6925513900    0.7947289020    0.9455694054
   4.7806273881   -3.2128134864    5.6039465694   -2.9375476405   -1.1700097935   -4.2800452320
   6.6232861274    4.9605331120   -3.6190690619   -2.0170845809   -1.1357304417    0.1926967698
  -4.4115665752    4.7881546381    0.4061066126    2.7921504319    1.1013286966    0.6767804826
  -6.1615249987   -6.2099765341    4.3893918729    3.0672149573    1.2139442613   -1.3460618197
  -2.3536018411   -7.6891908401    4.6355798284    4.2556444830    0.6803314565   -2.8163269410
   2.1502568790   -7.6371602920   -6.9961045262   -1.2644604306   -0.0600378329    1.2251539802
  -8.5214014357   -2.8372614031    4.8903609898    1.0339282500    2.0714921550    2.3487987977
   6.6599233920   -5.7627357887    5.1957296082    1.1998364269   -1.7715437051   -1.7828798056
  -5.2890811810   -3.8732217606    3.2061863076    1.8123308040   -5.7984569638    0.8804328289
  -4.8577739348    8.4893251207    4.8515939381   -1.6354161416   -1.7972145063   -1.0443827211
  -3.1289026671    4.5872045264    5.2926707362   -0.6295394492   -0.4357018843    1.0730593386
  -6.4589361701   -7.1583943154    0.4981234537    1.1503382702    4.4845703437    3.8491188304
  -5.7088457783    6.7502171445   -7.8063700752    0.7303279940   -1.2022289714    1.1891195186
   1.1972313993   -7.6739625007   -5.0866914102    4.0056698756    2.0407436313   -6.6899931788
  -3.2547813549    1.9942105443   -0.9011227926    1.5716184465   -0.4531697389   -2.3095875740
  -1.1552417461    6.6059603746   -0.8470515803    1.7369330048    2.0369039922   -1.3318367921
   5.9033621484   -6.0403075587    1.5249039127    3.2927219196   -0.6987310284   -2.7410768579
   7.5298161576   -3.5593367532   -2.7147191460    0.6815192888   -3.1149978996   -0.1691301788
   4.1641711277   -0.8801352277   -0.5503627603    2.1193785279    2.6772212235   -1.7118862300
   1.5974688338   -8.0313520236   -1.7290051912    2.7978486918    0.4210322458   -4.1011730218
  -3.7052635117   -0.4633568015   -2.6076085781   -1.1351943647    0.9642981645    0.2507474577
  -5.1968589227    1.4377183385   -4.9027137230    1.0768560160    2.9842068103    2.0821358806
  -1.4275063445    5.0056193780   -7.9991213192    1.2010951750    1.5735920800    2.5092215355
  -1.0642109717    4.5883162243   -2.5401779307    4.3692983552    3.0978175899   -1.5059982429
  -0.4667912210   -3.2027888494    3.7660350538    0.2484515348   -2.3510193248    1.3835599216
   6.6102965050    3.2364986434    8.4858929849    3.0425164550   -3.0931709851   -0.0356867122
  -5.5430639459    6.8645145362   -1.9483719160   -1.1037532285    2.9383147297   -1.9749235169
  -3.9966799596    7.3180783882   -7.0169420169   -1.3458591935   -0.7618823577   -4.1198662846
  -3.2724796023    4.3221674500    7.3639174823   -2.6543885479   -0.1612125286    1.8727266374
   1.2370324620    7.1192812720   -3.2856350033    1.3778165212    3.6876051117   -2.8435049168
   4.7682518232    8.4682648485   -2.0675397646   -1.0610558272   -3.3169269056   -0.2862810359
   1.2298443078   -1.7721883611    8.1668248927    0.2798697859    1.6323952548    1.6517984988
  -0.0718089379   -7.2686635658   -5.1122681217    0.7255443162    4.9447662742   -0.7385375382
   5.4341665790   -6.7867109805    3.3197154958    2.8587948851   -3.3591685286    1.5757698007
   7.7894052063   -3.4132524550    1.0260122274    0.3318539494    0.4728607535   -0.8245062103
   8.1971308299    6.0697482970   -5.9650751239   -1.9826944674   -2.0991781014    1.5598714263
  -3.0813940404   -3.6243298028    6.4848884179   -2.3649175818    1.3668035319   -1.5306977087
   7.6978911740   -4.6299505236    2.2574119343   -0.1532970135   -1.4395473060    0.3349178587
   7.5731556201    5.1192367429    4.8871283918    1.5178654398    0.5087562090    3.0831028500
  -2.7157042581    5.2280573442    0.0551331224    0.9811216767    2.1877586475    1.3281170563
  -1.5365120591   -0.5366817906   -7.7711841300   -5.3859159453   -0.2717904744    0.7714439939
   4.0296677139   -6.7167545013   -8.4035578844   -2.4295175011   -1.5470849472   -1.3693484307
   6.8551477465    4.0199088097    1.6544195677    1.5311373093    4.9361401731   -4.2904180329
   7.5877102037    8.3516528719   -5.3633395217   -1.2496329894   -2.0849715256    0.9968915557
  -5.4300640506    5.6103796604    5.4628048657   -0.1754261084    2.6524813478    1.2131529500
   6.2997382517   -6.6940306127   -4.2668489938   -1.5198149292   -1.6507532711    2.7609600093
   2.5212415531    7.2334674839   -1.5169466884    2.5197154648    3.8338476514   -0.9562952488
  -3.2640312978    1.0858802071   -3.6888451432   -0.3305928725   -1.5341358862   -3.0837281516
  -4.0548759865    6.6861392632    7.3946981010   -1.9527671953    0.9881809604    3.0922163069
  -7.3310108202    6.2959904379   -0.7068027872    2.5612910300    0.4414166426    3.3975406195
  -8.4724545217   -8.2281589677   -7.5310273651   -2.9873577276    4.1330024592    0.7315347806
  -8.0118700933   -0.3283948970    5.3784882762   -1.6264322475    0.8624100729   -0.6470653566
   5.5821982189   -6.9641733302    0.6407931460    0.8568146316    2.7841190819   -0.2115441872
   7.7919916243    0.3090462129    8.5010911525   -3.0901813416    2.5192810542    2.3113975737
  -3.6498412148   -0.1126313804    8.5099717726    0.9794287165   -1.1058274043    1.5983953209
   1.4160701071   -7.3083846424    4.2721320563   -4.6307707982    6.8168489318   -0.2177401861
  -7.8970748636    5.3812441704    6.1254892404   -0.8410856877   -1.6123256425   -1.1015042644
  -4.7124566137    4.0816355178    1.1118885135   -2.1833701286   -0.3272094337   -1.6937048814
   0.1877449952    5.8646430188    6.9925486447   -7.5361788580    3.8199798457    4.7557555341
   4.0485203744   -7.9993948098   -5.4541907188   -0.5153568229    0.0210879893   -2.4374293289
   1.1823114488   -1.6861946130    4.3629393015   -1.4611885749    0.5839749716   -4.7429590183
  -3.6985570538   -2.5592060720   -3.8142022823    4.0269568938   -1.0506731196    2.6006401650
  -7.1904937798    0.1254808203    6.7602096074    1.0592646854    1.2222283072    1.9637517384
  -5.8170520511    1.4959636801   -7.7384667147    1.0874497962   -1.3166629615   -1.7981071028
  -6.3497806673    8.2617874237    1.3506500897   -0.4784844604    1.1687743529    4.9531879658
   6.0416197770   -7.0315017754    4.9574097585   -0.8550634843   -4.4680227979    4.1982598711
  -0.6079476235    3.8094957944    8.2482055029   -1.5869493628   -3.5427136518   -1.0184393569
  -1.3906594399   -2.0515110202   -4.7389821969   -2.1620954838   -0.5802411206   -0.5409499704
  -7.1627908725   -5.6572602686   -7.3458451944   -0.3207868749   -1.2109547192    1.3949022529
  -7.3996666147    8.5380927085    4.1209635480   -1.1513242194   -0.5236449560   -1.7624954767
   7.8444717843   -2.1791226347   -4.8172968482   -4.3431747353   -3.5123441864    0.2563561950
   2.9006014929    2.7040182729   -0.1663073973    1.7289292935    6.5398070071   -2.0922252094
   4.1706529698    8.2183732189   -4.9813639063   -0.4399538243   -5.1971039954    5.6419174605
  -4.4692270188   -4.4809559342    3.1515885479    2.0212200049   -0.5006518520    1.6962205337
